Log file open, 05/05/19 20:18:57
LogWindows: Failed to load 'aqProf.dll' (GetLastError=126)
LogWindows: File 'aqProf.dll' does not exist
LogWindows: Failed to load 'VtuneApi.dll' (GetLastError=126)
LogWindows: File 'VtuneApi.dll' does not exist
LogWindows: Failed to load 'VtuneApi32e.dll' (GetLastError=126)
LogWindows: File 'VtuneApi32e.dll' does not exist
LogConsoleResponse: Display: Failed to find resolution value strings in scalability ini. Falling back to default.
LogInit: Display: Running engine for game: EFT
LogPakFile: Registered encryption key '00000000000000000000000000000000': 0 pak files mounted, 0 remain pending
LogPlatformFile: Not using cached read wrapper
LogTaskGraph: Started task graph with 5 named threads and 35 total threads with 3 sets of task threads.
LogStats: Stats thread started at 0.414517
LogD3D11RHI: Loaded GFSDK_Aftermath_Lib.x64.dll
LogICUInternationalization: ICU TimeZone Detection - Raw Offset: -6:00, Platform Override: ''
LogPluginManager: Mounting plugin Paper2D
LogPluginManager: Mounting plugin AISupport
LogPluginManager: Mounting plugin LightPropagationVolume
LogPluginManager: Mounting plugin ActorLayerUtilities
LogPluginManager: Mounting plugin AnimationSharing
LogPluginManager: Mounting plugin CLionSourceCodeAccess
LogPluginManager: Mounting plugin CodeLiteSourceCodeAccess
LogPluginManager: Mounting plugin GitSourceControl
LogPluginManager: Mounting plugin KDevelopSourceCodeAccess
LogPluginManager: Mounting plugin NullSourceCodeAccess
LogPluginManager: Mounting plugin PerforceSourceControl
LogPluginManager: Mounting plugin SubversionSourceControl
LogPluginManager: Mounting plugin UObjectPlugin
LogPluginManager: Mounting plugin VisualStudioCodeSourceCodeAccess
LogPluginManager: Mounting plugin VisualStudioSourceCodeAccess
LogPluginManager: Mounting plugin XCodeSourceCodeAccess
LogPluginManager: Mounting plugin AssetManagerEditor
LogPluginManager: Mounting plugin CryptoKeys
LogPluginManager: Mounting plugin DataValidation
LogPluginManager: Mounting plugin FacialAnimation
LogPluginManager: Mounting plugin GameplayTagsEditor
LogPluginManager: Mounting plugin MacGraphicsSwitching
LogPluginManager: Mounting plugin MaterialAnalyzer
LogPluginManager: Mounting plugin MobileLauncherProfileWizard
LogPluginManager: Mounting plugin PluginBrowser
LogPluginManager: Mounting plugin SpeedTreeImporter
LogPluginManager: Mounting plugin DatasmithContent
LogPluginManager: Mounting plugin VariantManagerContent
LogPluginManager: Mounting plugin AlembicImporter
LogPluginManager: Mounting plugin AppleImageUtils
LogPluginManager: Mounting plugin AppleVision
LogPluginManager: Mounting plugin BackChannel
LogPluginManager: Mounting plugin CharacterAI
LogPluginManager: Mounting plugin GeometryCache
LogPluginManager: Mounting plugin HTML5Networking
LogPluginManager: Mounting plugin ProxyLODPlugin
LogPluginManager: Mounting plugin SkeletalReduction
LogPluginManager: Mounting plugin MagicLeap
LogPluginManager: Mounting plugin MagicLeapMedia
LogPluginManager: Mounting plugin AndroidMedia
LogPluginManager: Mounting plugin AvfMedia
LogPluginManager: Mounting plugin ImgMedia
LogPluginManager: Mounting plugin LinearTimecode
LogPluginManager: Mounting plugin MediaCompositing
LogPluginManager: Mounting plugin MediaPlayerEditor
LogPluginManager: Mounting plugin WebMMedia
LogPluginManager: Mounting plugin WmfMedia
LogPluginManager: Mounting plugin TcpMessaging
LogPluginManager: Mounting plugin UdpMessaging
LogPluginManager: Mounting plugin ActorSequence
LogPluginManager: Mounting plugin LevelSequenceEditor
LogPluginManager: Mounting plugin MatineeToLevelSequence
LogPluginManager: Mounting plugin NetcodeUnitTest
LogPluginManager: Mounting plugin NUTUnrealEngine4
LogPluginManager: Mounting plugin OnlineSubsystemGooglePlay
LogPluginManager: Mounting plugin OnlineSubsystemIOS
LogPluginManager: Mounting plugin OnlineSubsystem
LogPluginManager: Mounting plugin OnlineSubsystemNull
LogPluginManager: Mounting plugin OnlineSubsystemUtils
LogPluginManager: Mounting plugin LauncherChunkInstaller
LogPluginManager: Mounting plugin AndroidDeviceProfileSelector
LogPluginManager: Mounting plugin AndroidMoviePlayer
LogPluginManager: Mounting plugin AndroidPermission
LogPluginManager: Mounting plugin AppleMoviePlayer
LogPluginManager: Mounting plugin ArchVisCharacter
LogPluginManager: Mounting plugin AudioCapture
LogPluginManager: Mounting plugin CableComponent
LogPluginManager: Mounting plugin CustomMeshComponent
LogPluginManager: Mounting plugin EditableMesh
LogPluginManager: Mounting plugin ExampleDeviceProfileSelector
LogPluginManager: Mounting plugin Firebase
LogPluginManager: Mounting plugin GoogleCloudMessaging
LogPluginManager: Mounting plugin IOSDeviceProfileSelector
LogPluginManager: Mounting plugin LinuxDeviceProfileSelector
LogPluginManager: Mounting plugin LocationServicesBPLibrary
LogPluginManager: Mounting plugin MobilePatchingUtils
LogPluginManager: Mounting plugin OculusVR
LogPluginManager: Mounting plugin PhysXVehicles
LogPluginManager: Mounting plugin ProceduralMeshComponent
LogPluginManager: Mounting plugin RuntimePhysXCooking
LogPluginManager: Mounting plugin SignificanceManager
LogPluginManager: Mounting plugin SteamVR
LogPluginManager: Mounting plugin WebMMoviePlayer
LogPluginManager: Mounting plugin WindowsMoviePlayer
LogInit: Using libcurl 7.55.1-DEV
LogInit:  - built for x86_64-pc-win32
LogInit:  - supports SSL with OpenSSL/1.1.1
LogInit:  - supports HTTP deflate (compression) using libz 1.2.8
LogInit:  - other features:
LogInit:      CURL_VERSION_SSL
LogInit:      CURL_VERSION_LIBZ
LogInit:      CURL_VERSION_IPV6
LogInit:      CURL_VERSION_ASYNCHDNS
LogInit:      CURL_VERSION_LARGEFILE
LogInit:      CURL_VERSION_IDN
LogInit:  CurlRequestOptions (configurable via config and command line):
LogInit:  - bVerifyPeer = true  - Libcurl will verify peer certificate
LogInit:  - bUseHttpProxy = false  - Libcurl will NOT use HTTP proxy
LogInit:  - bDontReuseConnections = false  - Libcurl will reuse connections
LogInit:  - MaxHostConnections = 16  - Libcurl will limit the number of connections to a host
LogInit:  - LocalHostAddr = Default
LogInit:  - BufferSize = 65536
LogInit: WinSock: version 1.1 (2.2), MaxSocks=32767, MaxUdp=65467
LogInit: Build: ++UE4+Release-4.22-CL-6063286
LogInit: Engine Version: 4.22.1-6063286+++UE4+Release-4.22
LogInit: Compatible Engine Version: 4.22.0-5660361+++UE4+Release-4.22
LogInit: Net CL: 5660361
LogInit: OS: Windows 10 (Release 1803) (), CPU: AMD Ryzen 5 1600 Six-Core Processor            , GPU: NVIDIA GeForce GTX 1050 Ti
LogInit: Compiled (64-bit): Apr 24 2019 04:36:48
LogInit: Compiled with Visual C++: 19.16.27025.01
LogInit: Build Configuration: Development
LogInit: Branch Name: ++UE4+Release-4.22
LogInit: Command Line: 
LogInit: Base Directory: I:/UNREAL ENGINE/UE_4.22/Engine/Binaries/Win64/
LogInit: Installed Engine Build: 1
LogDevObjectVersion: Number of dev versions registered: 23
LogDevObjectVersion:   Dev-Blueprints (B0D832E4-1F89-4F0D-ACCF-7EB736FD4AA2): 10
LogDevObjectVersion:   Dev-Build (E1C64328-A22C-4D53-A36C-8E866417BD8C): 0
LogDevObjectVersion:   Dev-Core (375EC13C-06E4-48FB-B500-84F0262A717E): 3
LogDevObjectVersion:   Dev-Editor (E4B068ED-F494-42E9-A231-DA0B2E46BB41): 30
LogDevObjectVersion:   Dev-Framework (CFFC743F-43B0-4480-9391-14DF171D2073): 35
LogDevObjectVersion:   Dev-Mobile (B02B49B5-BB20-44E9-A304-32B752E40360): 2
LogDevObjectVersion:   Dev-Networking (A4E4105C-59A1-49B5-A7C5-40C4547EDFEE): 0
LogDevObjectVersion:   Dev-Online (39C831C9-5AE6-47DC-9A44-9C173E1C8E7C): 0
LogDevObjectVersion:   Dev-Physics (78F01B33-EBEA-4F98-B9B4-84EACCB95AA2): 0
LogDevObjectVersion:   Dev-Platform (6631380F-2D4D-43E0-8009-CF276956A95A): 0
LogDevObjectVersion:   Dev-Rendering (12F88B9F-8875-4AFC-A67C-D90C383ABD29): 28
LogDevObjectVersion:   Dev-Sequencer (7B5AE74C-D270-4C10-A958-57980B212A5A): 11
LogDevObjectVersion:   Dev-VR (D7296918-1DD6-4BDD-9DE2-64A83CC13884): 2
LogDevObjectVersion:   Dev-LoadTimes (C2A15278-BFE7-4AFE-6C17-90FF531DF755): 1
LogDevObjectVersion:   Private-Geometry (6EACA3D4-40EC-4CC1-B786-8BED09428FC5): 3
LogDevObjectVersion:   Dev-AnimPhys (29E575DD-E0A3-4627-9D10-D276232CDCEA): 17
LogDevObjectVersion:   Dev-Anim (AF43A65D-7FD3-4947-9873-3E8ED9C1BB05): 2
LogDevObjectVersion:   Dev-ReflectionCapture (6B266CEC-1EC7-4B8F-A30B-E4D90942FC07): 1
LogDevObjectVersion:   Dev-Automation (0DF73D61-A23F-47EA-B727-89E90C41499A): 1
LogDevObjectVersion:   FortniteMain (601D1886-AC64-4F84-AA16-D3DE0DEAC7D6): 25
LogDevObjectVersion:   Dev-Enterprise (9DFFBCD6-494F-0158-E221-12823C92A888): 6
LogDevObjectVersion:   Dev-Niagara (F2AED0AC-9AFE-416F-8664-AA7FFA26D6FC): 1
LogDevObjectVersion:   Dev-Destruction (174F1F0B-B4C6-45A5-B13F-2EE8D0FB917D): 2
LogInit: Presizing for max 16777216 objects, including 0 objects not considered by GC, pre-allocating 0 bytes for permanent pool.
LogInit: Object subsystem initialized
LogConfig: Setting CVar [[con.DebugEarlyDefault:1]]
LogConfig: Setting CVar [[r.setres:1280x720]]
[2019.05.06-01.18.57:730][  0]LogConfig: Setting CVar [[r.VSync:0]]
[2019.05.06-01.18.57:731][  0]LogConfig: Setting CVar [[r.RHICmdBypass:0]]
[2019.05.06-01.18.57:731][  0]LogConfig: Applying CVar settings from Section [/Script/Engine.RendererSettings] File [E:/Github/EFT-/EFT_Isabel/EscapeOfTartarus/EFT/EFT/Saved/Config/Windows/Engine.ini]
[2019.05.06-01.18.57:731][  0]LogConfig: Setting CVar [[r.GPUCrashDebugging:0]]
[2019.05.06-01.18.57:731][  0]LogConfig: Setting CVar [[r.DefaultFeature.AutoExposure:0]]
[2019.05.06-01.18.57:731][  0]LogConfig: Applying CVar settings from Section [/Script/Engine.RendererOverrideSettings] File [E:/Github/EFT-/EFT_Isabel/EscapeOfTartarus/EFT/EFT/Saved/Config/Windows/Engine.ini]
[2019.05.06-01.18.57:731][  0]LogConfig: Applying CVar settings from Section [/Script/Engine.StreamingSettings] File [E:/Github/EFT-/EFT_Isabel/EscapeOfTartarus/EFT/EFT/Saved/Config/Windows/Engine.ini]
[2019.05.06-01.18.57:731][  0]LogConfig: Setting CVar [[s.MinBulkDataSizeForAsyncLoading:131072]]
[2019.05.06-01.18.57:731][  0]LogConfig: Setting CVar [[s.AsyncLoadingThreadEnabled:0]]
[2019.05.06-01.18.57:731][  0]LogConfig: Setting CVar [[s.EventDrivenLoaderEnabled:1]]
[2019.05.06-01.18.57:731][  0]LogConfig: Setting CVar [[s.WarnIfTimeLimitExceeded:0]]
[2019.05.06-01.18.57:731][  0]LogConfig: Setting CVar [[s.TimeLimitExceededMultiplier:1.5]]
[2019.05.06-01.18.57:731][  0]LogConfig: Setting CVar [[s.TimeLimitExceededMinTime:0.005]]
[2019.05.06-01.18.57:731][  0]LogConfig: Setting CVar [[s.UseBackgroundLevelStreaming:1]]
[2019.05.06-01.18.57:731][  0]LogConfig: Setting CVar [[s.PriorityAsyncLoadingExtraTime:15.0]]
[2019.05.06-01.18.57:731][  0]LogConfig: Setting CVar [[s.LevelStreamingActorsUpdateTimeLimit:5.0]]
[2019.05.06-01.18.57:731][  0]LogConfig: Setting CVar [[s.PriorityLevelStreamingActorsUpdateExtraTime:5.0]]
[2019.05.06-01.18.57:731][  0]LogConfig: Setting CVar [[s.LevelStreamingComponentsRegistrationGranularity:10]]
[2019.05.06-01.18.57:731][  0]LogConfig: Setting CVar [[s.UnregisterComponentsTimeLimit:1.0]]
[2019.05.06-01.18.57:731][  0]LogConfig: Setting CVar [[s.LevelStreamingComponentsUnregistrationGranularity:5]]
[2019.05.06-01.18.57:731][  0]LogConfig: Applying CVar settings from Section [/Script/Engine.GarbageCollectionSettings] File [E:/Github/EFT-/EFT_Isabel/EscapeOfTartarus/EFT/EFT/Saved/Config/Windows/Engine.ini]
[2019.05.06-01.18.57:731][  0]LogConfig: Setting CVar [[gc.MaxObjectsNotConsideredByGC:1]]
[2019.05.06-01.18.57:731][  0]LogConfig: Setting CVar [[gc.SizeOfPermanentObjectPool:0]]
[2019.05.06-01.18.57:731][  0]LogConfig: Setting CVar [[gc.FlushStreamingOnGC:0]]
[2019.05.06-01.18.57:731][  0]LogConfig: Setting CVar [[gc.NumRetriesBeforeForcingGC:10]]
[2019.05.06-01.18.57:731][  0]LogConfig: Setting CVar [[gc.AllowParallelGC:1]]
[2019.05.06-01.18.57:731][  0]LogConfig: Setting CVar [[gc.TimeBetweenPurgingPendingKillObjects:61.1]]
[2019.05.06-01.18.57:731][  0]LogConfig: Setting CVar [[gc.MaxObjectsInEditor:16777216]]
[2019.05.06-01.18.57:731][  0]LogConfig: Setting CVar [[gc.IncrementalBeginDestroyEnabled:1]]
[2019.05.06-01.18.57:731][  0]LogConfig: Setting CVar [[gc.CreateGCClusters:1]]
[2019.05.06-01.18.57:731][  0]LogConfig: Setting CVar [[gc.MinGCClusterSize:5]]
[2019.05.06-01.18.57:731][  0]LogConfig: Setting CVar [[gc.ActorClusteringEnabled:0]]
[2019.05.06-01.18.57:731][  0]LogConfig: Setting CVar [[gc.BlueprintClusteringEnabled:0]]
[2019.05.06-01.18.57:731][  0]LogConfig: Setting CVar [[gc.UseDisregardForGCOnDedicatedServers:0]]
[2019.05.06-01.18.57:731][  0]LogConfig: Applying CVar settings from Section [/Script/Engine.NetworkSettings] File [E:/Github/EFT-/EFT_Isabel/EscapeOfTartarus/EFT/EFT/Saved/Config/Windows/Engine.ini]
[2019.05.06-01.18.57:731][  0]LogConfig: Applying CVar settings from Section [/Script/UnrealEd.CookerSettings] File [E:/Github/EFT-/EFT_Isabel/EscapeOfTartarus/EFT/EFT/Saved/Config/Windows/Engine.ini]
[2019.05.06-01.18.57:734][  0]LogConfig: Applying CVar settings from Section [ViewDistanceQuality@3] File [E:/Github/EFT-/EFT_Isabel/EscapeOfTartarus/EFT/EFT/Saved/Config/Windows/Scalability.ini]
[2019.05.06-01.18.57:734][  0]LogConfig: Setting CVar [[r.SkeletalMeshLODBias:0]]
[2019.05.06-01.18.57:734][  0]LogConfig: Setting CVar [[r.ViewDistanceScale:1.0]]
[2019.05.06-01.18.57:734][  0]LogConfig: Applying CVar settings from Section [AntiAliasingQuality@3] File [E:/Github/EFT-/EFT_Isabel/EscapeOfTartarus/EFT/EFT/Saved/Config/Windows/Scalability.ini]
[2019.05.06-01.18.57:734][  0]LogConfig: Setting CVar [[r.PostProcessAAQuality:4]]
[2019.05.06-01.18.57:734][  0]LogConfig: Applying CVar settings from Section [ShadowQuality@3] File [E:/Github/EFT-/EFT_Isabel/EscapeOfTartarus/EFT/EFT/Saved/Config/Windows/Scalability.ini]
[2019.05.06-01.18.57:734][  0]LogConfig: Setting CVar [[r.LightFunctionQuality:1]]
[2019.05.06-01.18.57:734][  0]LogConfig: Setting CVar [[r.ShadowQuality:5]]
[2019.05.06-01.18.57:734][  0]LogConfig: Setting CVar [[r.Shadow.CSM.MaxCascades:10]]
[2019.05.06-01.18.57:734][  0]LogConfig: Setting CVar [[r.Shadow.MaxResolution:2048]]
[2019.05.06-01.18.57:734][  0]LogConfig: Setting CVar [[r.Shadow.MaxCSMResolution:2048]]
[2019.05.06-01.18.57:734][  0]LogConfig: Setting CVar [[r.Shadow.RadiusThreshold:0.01]]
[2019.05.06-01.18.57:734][  0]LogConfig: Setting CVar [[r.Shadow.DistanceScale:1.0]]
[2019.05.06-01.18.57:734][  0]LogConfig: Setting CVar [[r.Shadow.CSM.TransitionScale:1.0]]
[2019.05.06-01.18.57:734][  0]LogConfig: Setting CVar [[r.Shadow.PreShadowResolutionFactor:1.0]]
[2019.05.06-01.18.57:734][  0]LogConfig: Setting CVar [[r.DistanceFieldShadowing:1]]
[2019.05.06-01.18.57:734][  0]LogConfig: Setting CVar [[r.DistanceFieldAO:1]]
[2019.05.06-01.18.57:734][  0]LogConfig: Setting CVar [[r.AOQuality:2]]
[2019.05.06-01.18.57:734][  0]LogConfig: Setting CVar [[r.VolumetricFog:1]]
[2019.05.06-01.18.57:734][  0]LogConfig: Setting CVar [[r.VolumetricFog.GridPixelSize:8]]
[2019.05.06-01.18.57:734][  0]LogConfig: Setting CVar [[r.VolumetricFog.GridSizeZ:128]]
[2019.05.06-01.18.57:734][  0]LogConfig: Setting CVar [[r.VolumetricFog.HistoryMissSupersampleCount:4]]
[2019.05.06-01.18.57:734][  0]LogConfig: Setting CVar [[r.LightMaxDrawDistanceScale:1]]
[2019.05.06-01.18.57:734][  0]LogConfig: Setting CVar [[r.CapsuleShadows:1]]
[2019.05.06-01.18.57:734][  0]LogConfig: Applying CVar settings from Section [PostProcessQuality@3] File [E:/Github/EFT-/EFT_Isabel/EscapeOfTartarus/EFT/EFT/Saved/Config/Windows/Scalability.ini]
[2019.05.06-01.18.57:734][  0]LogConfig: Setting CVar [[r.MotionBlurQuality:4]]
[2019.05.06-01.18.57:734][  0]LogConfig: Setting CVar [[r.AmbientOcclusionMipLevelFactor:0.4]]
[2019.05.06-01.18.57:734][  0]LogConfig: Setting CVar [[r.AmbientOcclusionMaxQuality:100]]
[2019.05.06-01.18.57:734][  0]LogConfig: Setting CVar [[r.AmbientOcclusionLevels:-1]]
[2019.05.06-01.18.57:735][  0]LogConfig: Setting CVar [[r.AmbientOcclusionRadiusScale:1.0]]
[2019.05.06-01.18.57:735][  0]LogConfig: Setting CVar [[r.DepthOfFieldQuality:2]]
[2019.05.06-01.18.57:735][  0]LogConfig: Setting CVar [[r.RenderTargetPoolMin:400]]
[2019.05.06-01.18.57:735][  0]LogConfig: Setting CVar [[r.LensFlareQuality:2]]
[2019.05.06-01.18.57:735][  0]LogConfig: Setting CVar [[r.SceneColorFringeQuality:1]]
[2019.05.06-01.18.57:735][  0]LogConfig: Setting CVar [[r.EyeAdaptationQuality:2]]
[2019.05.06-01.18.57:735][  0]LogConfig: Setting CVar [[r.BloomQuality:5]]
[2019.05.06-01.18.57:735][  0]LogConfig: Setting CVar [[r.FastBlurThreshold:100]]
[2019.05.06-01.18.57:735][  0]LogConfig: Setting CVar [[r.Upscale.Quality:3]]
[2019.05.06-01.18.57:735][  0]LogConfig: Setting CVar [[r.Tonemapper.GrainQuantization:1]]
[2019.05.06-01.18.57:735][  0]LogConfig: Setting CVar [[r.LightShaftQuality:1]]
[2019.05.06-01.18.57:735][  0]LogConfig: Setting CVar [[r.Filter.SizeScale:1]]
[2019.05.06-01.18.57:735][  0]LogConfig: Setting CVar [[r.Tonemapper.Quality:5]]
[2019.05.06-01.18.57:735][  0]LogConfig: Setting CVar [[r.DOF.Gather.AccumulatorQuality:1        ; higher gathering accumulator quality]]
[2019.05.06-01.18.57:735][  0]LogConfig: Setting CVar [[r.DOF.Gather.PostfilterMethod:1          ; Median3x3 postfilering method]]
[2019.05.06-01.18.57:735][  0]LogConfig: Setting CVar [[r.DOF.Gather.EnableBokehSettings:0       ; no bokeh simulation when gathering]]
[2019.05.06-01.18.57:735][  0]LogConfig: Setting CVar [[r.DOF.Gather.RingCount:4                 ; medium number of samples when gathering]]
[2019.05.06-01.18.57:735][  0]LogConfig: Setting CVar [[r.DOF.Scatter.ForegroundCompositing:1    ; additive foreground scattering]]
[2019.05.06-01.18.57:735][  0]LogConfig: Setting CVar [[r.DOF.Scatter.BackgroundCompositing:2    ; additive background scattering]]
[2019.05.06-01.18.57:735][  0]LogConfig: Setting CVar [[r.DOF.Scatter.EnableBokehSettings:1      ; bokeh simulation when scattering]]
[2019.05.06-01.18.57:735][  0]LogConfig: Setting CVar [[r.DOF.Scatter.MaxSpriteRatio:0.1         ; only a maximum of 10% of scattered bokeh]]
[2019.05.06-01.18.57:735][  0]LogConfig: Setting CVar [[r.DOF.Recombine.Quality:1                ; cheap slight out of focus]]
[2019.05.06-01.18.57:735][  0]LogConfig: Setting CVar [[r.DOF.Recombine.EnableBokehSettings:0    ; no bokeh simulation on slight out of focus]]
[2019.05.06-01.18.57:735][  0]LogConfig: Setting CVar [[r.DOF.TemporalAAQuality:1                ; more stable temporal accumulation]]
[2019.05.06-01.18.57:735][  0]LogConfig: Setting CVar [[r.DOF.Kernel.MaxForegroundRadius:0.025]]
[2019.05.06-01.18.57:735][  0]LogConfig: Setting CVar [[r.DOF.Kernel.MaxBackgroundRadius:0.025]]
[2019.05.06-01.18.57:735][  0]LogConfig: Applying CVar settings from Section [TextureQuality@3] File [E:/Github/EFT-/EFT_Isabel/EscapeOfTartarus/EFT/EFT/Saved/Config/Windows/Scalability.ini]
[2019.05.06-01.18.57:735][  0]LogConfig: Setting CVar [[r.Streaming.MipBias:0]]
[2019.05.06-01.18.57:735][  0]LogConfig: Setting CVar [[r.Streaming.AmortizeCPUToGPUCopy:0]]
[2019.05.06-01.18.57:735][  0]LogConfig: Setting CVar [[r.Streaming.MaxNumTexturesToStreamPerFrame:0]]
[2019.05.06-01.18.57:735][  0]LogConfig: Setting CVar [[r.Streaming.Boost:1]]
[2019.05.06-01.18.57:735][  0]LogConfig: Setting CVar [[r.MaxAnisotropy:8]]
[2019.05.06-01.18.57:735][  0]LogConfig: Setting CVar [[r.Streaming.LimitPoolSizeToVRAM:0]]
[2019.05.06-01.18.57:735][  0]LogConfig: Setting CVar [[r.Streaming.PoolSize:1000]]
[2019.05.06-01.18.57:735][  0]LogConfig: Setting CVar [[r.Streaming.MaxEffectiveScreenSize:0]]
[2019.05.06-01.18.57:735][  0]LogConfig: Applying CVar settings from Section [EffectsQuality@3] File [E:/Github/EFT-/EFT_Isabel/EscapeOfTartarus/EFT/EFT/Saved/Config/Windows/Scalability.ini]
[2019.05.06-01.18.57:735][  0]LogConfig: Setting CVar [[r.TranslucencyLightingVolumeDim:64]]
[2019.05.06-01.18.57:735][  0]LogConfig: Setting CVar [[r.RefractionQuality:2]]
[2019.05.06-01.18.57:735][  0]LogConfig: Setting CVar [[r.SSR.Quality:3]]
[2019.05.06-01.18.57:735][  0]LogConfig: Setting CVar [[r.SceneColorFormat:4]]
[2019.05.06-01.18.57:735][  0]LogConfig: Setting CVar [[r.DetailMode:2]]
[2019.05.06-01.18.57:735][  0]LogConfig: Setting CVar [[r.TranslucencyVolumeBlur:1]]
[2019.05.06-01.18.57:735][  0]LogConfig: Setting CVar [[r.MaterialQualityLevel:1 ; High quality]]
[2019.05.06-01.18.57:735][  0]LogConfig: Setting CVar [[r.SSS.Scale:1]]
[2019.05.06-01.18.57:735][  0]LogConfig: Setting CVar [[r.SSS.SampleSet:2]]
[2019.05.06-01.18.57:735][  0]LogConfig: Setting CVar [[r.SSS.Quality:1]]
[2019.05.06-01.18.57:735][  0]LogConfig: Setting CVar [[r.SSS.HalfRes:1]]
[2019.05.06-01.18.57:735][  0]LogConfig: Setting CVar [[r.EmitterSpawnRateScale:1.0]]
[2019.05.06-01.18.57:735][  0]LogConfig: Setting CVar [[r.ParticleLightQuality:2]]
[2019.05.06-01.18.57:735][  0]LogConfig: Applying CVar settings from Section [FoliageQuality@3] File [E:/Github/EFT-/EFT_Isabel/EscapeOfTartarus/EFT/EFT/Saved/Config/Windows/Scalability.ini]
[2019.05.06-01.18.57:735][  0]LogConfig: Setting CVar [[foliage.DensityScale:1.0]]
[2019.05.06-01.18.57:735][  0]LogConfig: Setting CVar [[grass.DensityScale:1.0]]
[2019.05.06-01.18.57:735][  0]LogInit: Selected Device Profile: [Windows]
[2019.05.06-01.18.57:735][  0]LogInit: Applying CVar settings loaded from the selected device profile: [Windows]
[2019.05.06-01.18.57:749][  0]LogHAL: Display: Platform has ~ 8 GB [8517259264 / 8589934592 / 8], which maps to Default [LargestMinGB=32, LargerMinGB=12, DefaultMinGB=8, SmallerMinGB=6, SmallestMinGB=0)
[2019.05.06-01.18.57:749][  0]LogConfig: Setting CVar [[r.Vulkan.UseRealUBs:0		; Required until we fix HLR fall-out]]
[2019.05.06-01.18.57:749][  0]LogInit: Going up to parent DeviceProfile []
[2019.05.06-01.18.57:750][  0]LogConfig: Applying CVar settings from Section [ViewDistanceQuality@3] File [E:/Github/EFT-/EFT_Isabel/EscapeOfTartarus/EFT/EFT/Saved/Config/Windows/Scalability.ini]
[2019.05.06-01.18.57:750][  0]LogConfig: Setting CVar [[r.SkeletalMeshLODBias:0]]
[2019.05.06-01.18.57:750][  0]LogConfig: Setting CVar [[r.ViewDistanceScale:1.0]]
[2019.05.06-01.18.57:750][  0]LogConfig: Applying CVar settings from Section [AntiAliasingQuality@3] File [E:/Github/EFT-/EFT_Isabel/EscapeOfTartarus/EFT/EFT/Saved/Config/Windows/Scalability.ini]
[2019.05.06-01.18.57:750][  0]LogConfig: Setting CVar [[r.PostProcessAAQuality:4]]
[2019.05.06-01.18.57:750][  0]LogConfig: Applying CVar settings from Section [ShadowQuality@3] File [E:/Github/EFT-/EFT_Isabel/EscapeOfTartarus/EFT/EFT/Saved/Config/Windows/Scalability.ini]
[2019.05.06-01.18.57:750][  0]LogConfig: Setting CVar [[r.LightFunctionQuality:1]]
[2019.05.06-01.18.57:750][  0]LogConfig: Setting CVar [[r.ShadowQuality:5]]
[2019.05.06-01.18.57:750][  0]LogConfig: Setting CVar [[r.Shadow.CSM.MaxCascades:10]]
[2019.05.06-01.18.57:750][  0]LogConfig: Setting CVar [[r.Shadow.MaxResolution:2048]]
[2019.05.06-01.18.57:750][  0]LogConfig: Setting CVar [[r.Shadow.MaxCSMResolution:2048]]
[2019.05.06-01.18.57:750][  0]LogConfig: Setting CVar [[r.Shadow.RadiusThreshold:0.01]]
[2019.05.06-01.18.57:750][  0]LogConfig: Setting CVar [[r.Shadow.DistanceScale:1.0]]
[2019.05.06-01.18.57:750][  0]LogConfig: Setting CVar [[r.Shadow.CSM.TransitionScale:1.0]]
[2019.05.06-01.18.57:750][  0]LogConfig: Setting CVar [[r.Shadow.PreShadowResolutionFactor:1.0]]
[2019.05.06-01.18.57:750][  0]LogConfig: Setting CVar [[r.DistanceFieldShadowing:1]]
[2019.05.06-01.18.57:750][  0]LogConfig: Setting CVar [[r.DistanceFieldAO:1]]
[2019.05.06-01.18.57:750][  0]LogConfig: Setting CVar [[r.AOQuality:2]]
[2019.05.06-01.18.57:750][  0]LogConfig: Setting CVar [[r.VolumetricFog:1]]
[2019.05.06-01.18.57:750][  0]LogConfig: Setting CVar [[r.VolumetricFog.GridPixelSize:8]]
[2019.05.06-01.18.57:750][  0]LogConfig: Setting CVar [[r.VolumetricFog.GridSizeZ:128]]
[2019.05.06-01.18.57:750][  0]LogConfig: Setting CVar [[r.VolumetricFog.HistoryMissSupersampleCount:4]]
[2019.05.06-01.18.57:750][  0]LogConfig: Setting CVar [[r.LightMaxDrawDistanceScale:1]]
[2019.05.06-01.18.57:750][  0]LogConfig: Setting CVar [[r.CapsuleShadows:1]]
[2019.05.06-01.18.57:750][  0]LogConfig: Applying CVar settings from Section [PostProcessQuality@3] File [E:/Github/EFT-/EFT_Isabel/EscapeOfTartarus/EFT/EFT/Saved/Config/Windows/Scalability.ini]
[2019.05.06-01.18.57:750][  0]LogConfig: Setting CVar [[r.MotionBlurQuality:4]]
[2019.05.06-01.18.57:750][  0]LogConfig: Setting CVar [[r.AmbientOcclusionMipLevelFactor:0.4]]
[2019.05.06-01.18.57:750][  0]LogConfig: Setting CVar [[r.AmbientOcclusionMaxQuality:100]]
[2019.05.06-01.18.57:750][  0]LogConfig: Setting CVar [[r.AmbientOcclusionLevels:-1]]
[2019.05.06-01.18.57:750][  0]LogConfig: Setting CVar [[r.AmbientOcclusionRadiusScale:1.0]]
[2019.05.06-01.18.57:750][  0]LogConfig: Setting CVar [[r.DepthOfFieldQuality:2]]
[2019.05.06-01.18.57:750][  0]LogConfig: Setting CVar [[r.RenderTargetPoolMin:400]]
[2019.05.06-01.18.57:750][  0]LogConfig: Setting CVar [[r.LensFlareQuality:2]]
[2019.05.06-01.18.57:750][  0]LogConfig: Setting CVar [[r.SceneColorFringeQuality:1]]
[2019.05.06-01.18.57:750][  0]LogConfig: Setting CVar [[r.EyeAdaptationQuality:2]]
[2019.05.06-01.18.57:750][  0]LogConfig: Setting CVar [[r.BloomQuality:5]]
[2019.05.06-01.18.57:750][  0]LogConfig: Setting CVar [[r.FastBlurThreshold:100]]
[2019.05.06-01.18.57:750][  0]LogConfig: Setting CVar [[r.Upscale.Quality:3]]
[2019.05.06-01.18.57:750][  0]LogConfig: Setting CVar [[r.Tonemapper.GrainQuantization:1]]
[2019.05.06-01.18.57:750][  0]LogConfig: Setting CVar [[r.LightShaftQuality:1]]
[2019.05.06-01.18.57:750][  0]LogConfig: Setting CVar [[r.Filter.SizeScale:1]]
[2019.05.06-01.18.57:750][  0]LogConfig: Setting CVar [[r.Tonemapper.Quality:5]]
[2019.05.06-01.18.57:750][  0]LogConfig: Setting CVar [[r.DOF.Gather.AccumulatorQuality:1        ; higher gathering accumulator quality]]
[2019.05.06-01.18.57:750][  0]LogConfig: Setting CVar [[r.DOF.Gather.PostfilterMethod:1          ; Median3x3 postfilering method]]
[2019.05.06-01.18.57:750][  0]LogConfig: Setting CVar [[r.DOF.Gather.EnableBokehSettings:0       ; no bokeh simulation when gathering]]
[2019.05.06-01.18.57:750][  0]LogConfig: Setting CVar [[r.DOF.Gather.RingCount:4                 ; medium number of samples when gathering]]
[2019.05.06-01.18.57:750][  0]LogConfig: Setting CVar [[r.DOF.Scatter.ForegroundCompositing:1    ; additive foreground scattering]]
[2019.05.06-01.18.57:750][  0]LogConfig: Setting CVar [[r.DOF.Scatter.BackgroundCompositing:2    ; additive background scattering]]
[2019.05.06-01.18.57:750][  0]LogConfig: Setting CVar [[r.DOF.Scatter.EnableBokehSettings:1      ; bokeh simulation when scattering]]
[2019.05.06-01.18.57:750][  0]LogConfig: Setting CVar [[r.DOF.Scatter.MaxSpriteRatio:0.1         ; only a maximum of 10% of scattered bokeh]]
[2019.05.06-01.18.57:750][  0]LogConfig: Setting CVar [[r.DOF.Recombine.Quality:1                ; cheap slight out of focus]]
[2019.05.06-01.18.57:750][  0]LogConfig: Setting CVar [[r.DOF.Recombine.EnableBokehSettings:0    ; no bokeh simulation on slight out of focus]]
[2019.05.06-01.18.57:750][  0]LogConfig: Setting CVar [[r.DOF.TemporalAAQuality:1                ; more stable temporal accumulation]]
[2019.05.06-01.18.57:750][  0]LogConfig: Setting CVar [[r.DOF.Kernel.MaxForegroundRadius:0.025]]
[2019.05.06-01.18.57:750][  0]LogConfig: Setting CVar [[r.DOF.Kernel.MaxBackgroundRadius:0.025]]
[2019.05.06-01.18.57:750][  0]LogConfig: Applying CVar settings from Section [TextureQuality@3] File [E:/Github/EFT-/EFT_Isabel/EscapeOfTartarus/EFT/EFT/Saved/Config/Windows/Scalability.ini]
[2019.05.06-01.18.57:750][  0]LogConfig: Setting CVar [[r.Streaming.MipBias:0]]
[2019.05.06-01.18.57:750][  0]LogConfig: Setting CVar [[r.Streaming.AmortizeCPUToGPUCopy:0]]
[2019.05.06-01.18.57:750][  0]LogConfig: Setting CVar [[r.Streaming.MaxNumTexturesToStreamPerFrame:0]]
[2019.05.06-01.18.57:750][  0]LogConfig: Setting CVar [[r.Streaming.Boost:1]]
[2019.05.06-01.18.57:750][  0]LogConfig: Setting CVar [[r.MaxAnisotropy:8]]
[2019.05.06-01.18.57:750][  0]LogConfig: Setting CVar [[r.Streaming.LimitPoolSizeToVRAM:0]]
[2019.05.06-01.18.57:750][  0]LogConfig: Setting CVar [[r.Streaming.PoolSize:1000]]
[2019.05.06-01.18.57:750][  0]LogConfig: Setting CVar [[r.Streaming.MaxEffectiveScreenSize:0]]
[2019.05.06-01.18.57:750][  0]LogConfig: Applying CVar settings from Section [EffectsQuality@3] File [E:/Github/EFT-/EFT_Isabel/EscapeOfTartarus/EFT/EFT/Saved/Config/Windows/Scalability.ini]
[2019.05.06-01.18.57:750][  0]LogConfig: Setting CVar [[r.TranslucencyLightingVolumeDim:64]]
[2019.05.06-01.18.57:750][  0]LogConfig: Setting CVar [[r.RefractionQuality:2]]
[2019.05.06-01.18.57:750][  0]LogConfig: Setting CVar [[r.SSR.Quality:3]]
[2019.05.06-01.18.57:750][  0]LogConfig: Setting CVar [[r.SceneColorFormat:4]]
[2019.05.06-01.18.57:750][  0]LogConfig: Setting CVar [[r.DetailMode:2]]
[2019.05.06-01.18.57:750][  0]LogConfig: Setting CVar [[r.TranslucencyVolumeBlur:1]]
[2019.05.06-01.18.57:750][  0]LogConfig: Setting CVar [[r.MaterialQualityLevel:1 ; High quality]]
[2019.05.06-01.18.57:750][  0]LogConfig: Setting CVar [[r.SSS.Scale:1]]
[2019.05.06-01.18.57:751][  0]LogConfig: Setting CVar [[r.SSS.SampleSet:2]]
[2019.05.06-01.18.57:751][  0]LogConfig: Setting CVar [[r.SSS.Quality:1]]
[2019.05.06-01.18.57:751][  0]LogConfig: Setting CVar [[r.SSS.HalfRes:1]]
[2019.05.06-01.18.57:751][  0]LogConfig: Setting CVar [[r.EmitterSpawnRateScale:1.0]]
[2019.05.06-01.18.57:751][  0]LogConfig: Setting CVar [[r.ParticleLightQuality:2]]
[2019.05.06-01.18.57:751][  0]LogConfig: Applying CVar settings from Section [FoliageQuality@3] File [E:/Github/EFT-/EFT_Isabel/EscapeOfTartarus/EFT/EFT/Saved/Config/Windows/Scalability.ini]
[2019.05.06-01.18.57:751][  0]LogConfig: Setting CVar [[foliage.DensityScale:1.0]]
[2019.05.06-01.18.57:751][  0]LogConfig: Setting CVar [[grass.DensityScale:1.0]]
[2019.05.06-01.18.57:751][  0]LogConfig: Applying CVar settings from Section [Startup] File [../../../Engine/Config/ConsoleVariables.ini]
[2019.05.06-01.18.57:751][  0]LogConfig: Setting CVar [[net.UseAdaptiveNetUpdateFrequency:0]]
[2019.05.06-01.18.57:751][  0]LogConfig: Setting CVar [[p.chaos.AllowCreatePhysxBodies:1]]
[2019.05.06-01.18.57:751][  0]LogConfig: Applying CVar settings from Section [ConsoleVariables] File [E:/Github/EFT-/EFT_Isabel/EscapeOfTartarus/EFT/EFT/Saved/Config/Windows/Engine.ini]
[2019.05.06-01.18.57:751][  0]LogInit: Computer: DESKTOP-BN6QP6J
[2019.05.06-01.18.57:751][  0]LogInit: User: ISABEL
[2019.05.06-01.18.57:751][  0]LogInit: CPU Page size=4096, Cores=6
[2019.05.06-01.18.57:751][  0]LogInit: High frequency timer resolution =3.119142 MHz
[2019.05.06-01.18.57:751][  0]LogMemory: Memory total: Physical=7.9GB (8GB approx)
[2019.05.06-01.18.57:751][  0]LogMemory: Platform Memory Stats for Windows
[2019.05.06-01.18.57:751][  0]LogMemory: Process Physical Memory: 104.28 MB used, 104.28 MB peak
[2019.05.06-01.18.57:751][  0]LogMemory: Process Virtual Memory: 102.64 MB used, 102.64 MB peak
[2019.05.06-01.18.57:751][  0]LogMemory: Physical Memory: 4477.92 MB used,  3644.77 MB free, 8122.69 MB total
[2019.05.06-01.18.57:751][  0]LogMemory: Virtual Memory: 4700.59 MB used,  134213024.00 MB free, 134217728.00 MB total
[2019.05.06-01.18.57:769][  0]LogInit: Using OS detected language (en-US).
[2019.05.06-01.18.57:769][  0]LogInit: Using OS detected locale (en-US).
[2019.05.06-01.18.57:770][  0]LogTextLocalizationManager: No specific localization for 'en-US' exists, so the 'en' localization will be used.
[2019.05.06-01.18.57:928][  0]LogInit: Setting process to per monitor DPI aware
[2019.05.06-01.18.57:961][  0]LogSlate: New Slate User Created.  User Index 0, Is Virtual User: 0
[2019.05.06-01.18.57:961][  0]LogSlate: Slate User Registered.  User Index 0, Is Virtual User: 0
[2019.05.06-01.18.58:144][  0]LogD3D11RHI: D3D11 adapters:
[2019.05.06-01.18.58:214][  0]LogD3D11RHI:    0. 'NVIDIA GeForce GTX 1050 Ti' (Feature Level 11_0)
[2019.05.06-01.18.58:214][  0]LogD3D11RHI:       4018/0/4061 MB DedicatedVideo/DedicatedSystem/SharedSystem, Outputs:1, VendorId:0x10de
[2019.05.06-01.18.58:216][  0]LogD3D11RHI:    1. 'Microsoft Basic Render Driver' (Feature Level 11_0)
[2019.05.06-01.18.58:216][  0]LogD3D11RHI:       0/0/4061 MB DedicatedVideo/DedicatedSystem/SharedSystem, Outputs:0, VendorId:0x1414
[2019.05.06-01.18.58:216][  0]LogD3D11RHI: Chosen D3D11 Adapter: 0
[2019.05.06-01.18.58:225][  0]LogD3D11RHI: Creating new Direct3DDevice
[2019.05.06-01.18.58:225][  0]LogD3D11RHI:     GPU DeviceId: 0x1c82 (for the marketing name, search the web for "GPU Device Id")
[2019.05.06-01.18.58:225][  0]LogWindows: EnumDisplayDevices:
[2019.05.06-01.18.58:225][  0]LogWindows:    0. 'NVIDIA GeForce GTX 1050 Ti' (P:1 D:1)
[2019.05.06-01.18.58:225][  0]LogWindows:    1. 'NVIDIA GeForce GTX 1050 Ti' (P:0 D:0)
[2019.05.06-01.18.58:225][  0]LogWindows:    2. 'NVIDIA GeForce GTX 1050 Ti' (P:0 D:0)
[2019.05.06-01.18.58:226][  0]LogWindows:    3. 'NVIDIA GeForce GTX 1050 Ti' (P:0 D:0)
[2019.05.06-01.18.58:226][  0]LogWindows: DebugString: FoundDriverCount:4 
[2019.05.06-01.18.58:226][  0]LogD3D11RHI:     Adapter Name: NVIDIA GeForce GTX 1050 Ti
[2019.05.06-01.18.58:226][  0]LogD3D11RHI:   Driver Version: 399.07 (internal:24.21.13.9907, unified:399.07)
[2019.05.06-01.18.58:226][  0]LogD3D11RHI:      Driver Date: 8-21-2018
[2019.05.06-01.18.58:226][  0]LogRHI: Texture pool is 2812 MB (70% of 4018 MB)
[2019.05.06-01.18.58:274][  0]LogD3D11RHI: Async texture creation enabled
[2019.05.06-01.18.58:282][  0]LogRendererCore: FGlobalReadBuffer::InitRHI
[2019.05.06-01.18.58:282][  0]LogRendererCore: FGlobalReadBuffer::InitRHI
[2019.05.06-01.18.58:282][  0]LogRendererCore: FGlobalReadBuffer::InitRHI
[2019.05.06-01.18.58:296][  0]LogD3D11RHI: GPU Timing Frequency: 1000.000000 (Debug: 2 2)
[2019.05.06-01.18.58:608][  0]LogTemp: Display: Module 'AllDesktopTargetPlatform' loaded TargetPlatform 'AllDesktop'
[2019.05.06-01.18.58:624][  0]LogTemp: Display: Module 'MacClientTargetPlatform' loaded TargetPlatform 'MacClient'
[2019.05.06-01.18.58:640][  0]LogTemp: Display: Module 'MacNoEditorTargetPlatform' loaded TargetPlatform 'MacNoEditor'
[2019.05.06-01.18.58:656][  0]LogTemp: Display: Module 'MacServerTargetPlatform' loaded TargetPlatform 'MacServer'
[2019.05.06-01.18.58:672][  0]LogTemp: Display: Module 'MacTargetPlatform' loaded TargetPlatform 'Mac'
[2019.05.06-01.18.58:689][  0]LogTemp: Display: Module 'WindowsClientTargetPlatform' loaded TargetPlatform 'WindowsClient'
[2019.05.06-01.18.58:706][  0]LogTemp: Display: Module 'WindowsNoEditorTargetPlatform' loaded TargetPlatform 'WindowsNoEditor'
[2019.05.06-01.18.58:722][  0]LogTemp: Display: Module 'WindowsServerTargetPlatform' loaded TargetPlatform 'WindowsServer'
[2019.05.06-01.18.58:730][  0]LogTemp: Display: Module 'WindowsTargetPlatform' loaded TargetPlatform 'Windows'
[2019.05.06-01.18.58:829][  0]LogTemp: Display: Module 'AndroidTargetPlatform' loaded TargetPlatform 'Android'
[2019.05.06-01.18.58:829][  0]LogTemp: Display: Module 'AndroidTargetPlatform' loaded TargetPlatform 'Android_ASTC'
[2019.05.06-01.18.58:829][  0]LogTemp: Display: Module 'AndroidTargetPlatform' loaded TargetPlatform 'Android_ATC'
[2019.05.06-01.18.58:829][  0]LogTemp: Display: Module 'AndroidTargetPlatform' loaded TargetPlatform 'Android_DXT'
[2019.05.06-01.18.58:829][  0]LogTemp: Display: Module 'AndroidTargetPlatform' loaded TargetPlatform 'Android_ETC1'
[2019.05.06-01.18.58:829][  0]LogTemp: Display: Module 'AndroidTargetPlatform' loaded TargetPlatform 'Android_ETC1a'
[2019.05.06-01.18.58:829][  0]LogTemp: Display: Module 'AndroidTargetPlatform' loaded TargetPlatform 'Android_ETC2'
[2019.05.06-01.18.58:829][  0]LogTemp: Display: Module 'AndroidTargetPlatform' loaded TargetPlatform 'Android_PVRTC'
[2019.05.06-01.18.58:829][  0]LogTemp: Display: Module 'AndroidTargetPlatform' loaded TargetPlatform 'AndroidClient'
[2019.05.06-01.18.58:829][  0]LogTemp: Display: Module 'AndroidTargetPlatform' loaded TargetPlatform 'Android_ASTCClient'
[2019.05.06-01.18.58:829][  0]LogTemp: Display: Module 'AndroidTargetPlatform' loaded TargetPlatform 'Android_ATCClient'
[2019.05.06-01.18.58:829][  0]LogTemp: Display: Module 'AndroidTargetPlatform' loaded TargetPlatform 'Android_DXTClient'
[2019.05.06-01.18.58:829][  0]LogTemp: Display: Module 'AndroidTargetPlatform' loaded TargetPlatform 'Android_ETC1Client'
[2019.05.06-01.18.58:829][  0]LogTemp: Display: Module 'AndroidTargetPlatform' loaded TargetPlatform 'Android_ETC1aClient'
[2019.05.06-01.18.58:829][  0]LogTemp: Display: Module 'AndroidTargetPlatform' loaded TargetPlatform 'Android_ETC2Client'
[2019.05.06-01.18.58:829][  0]LogTemp: Display: Module 'AndroidTargetPlatform' loaded TargetPlatform 'Android_PVRTCClient'
[2019.05.06-01.18.58:829][  0]LogTemp: Display: Module 'AndroidTargetPlatform' loaded TargetPlatform 'Android_Multi'
[2019.05.06-01.18.58:830][  0]LogTemp: Display: Module 'AndroidTargetPlatform' loaded TargetPlatform 'Android_MultiClient'
[2019.05.06-01.18.58:831][  0]LogTemp: Display: Module 'HTML5TargetPlatform' loaded TargetPlatform 'HTML5'
[2019.05.06-01.18.58:885][  0]LogTemp: Display: Module 'IOSTargetPlatform' loaded TargetPlatform 'IOSClient'
[2019.05.06-01.18.58:885][  0]LogTemp: Display: Module 'IOSTargetPlatform' loaded TargetPlatform 'IOS'
[2019.05.06-01.18.58:914][  0]LogTemp: Display: Module 'TVOSTargetPlatform' loaded TargetPlatform 'TVOSClient'
[2019.05.06-01.18.58:914][  0]LogTemp: Display: Module 'TVOSTargetPlatform' loaded TargetPlatform 'TVOS'
[2019.05.06-01.18.58:930][  0]LogTemp: Display: Module 'LinuxClientTargetPlatform' loaded TargetPlatform 'LinuxClient'
[2019.05.06-01.18.58:944][  0]LogTemp: Display: Module 'LinuxNoEditorTargetPlatform' loaded TargetPlatform 'LinuxNoEditor'
[2019.05.06-01.18.58:959][  0]LogTemp: Display: Module 'LinuxServerTargetPlatform' loaded TargetPlatform 'LinuxServer'
[2019.05.06-01.18.58:974][  0]LogTemp: Display: Module 'LinuxTargetPlatform' loaded TargetPlatform 'Linux'
[2019.05.06-01.18.59:028][  0]LogTemp: Display: Module 'LuminTargetPlatform' loaded TargetPlatform 'Lumin'
[2019.05.06-01.18.59:028][  0]LogTemp: Display: Module 'LuminTargetPlatform' loaded TargetPlatform 'LuminClient'
[2019.05.06-01.18.59:028][  0]LogTargetPlatformManager: Display: Building Assets For Windows
[2019.05.06-01.18.59:036][  0]LogAudioDebug: Display: Lib vorbis DLL was dynamically loaded.
[2019.05.06-01.18.59:082][  0]LogShaderCompilers: Guid format shader working directory is -4 characters bigger than the processId version (E:/Github/EFT-/EFT_Isabel/EscapeOfTartarus/EFT/EFT/Intermediate/Shaders/WorkingDirectory/18532/).
[2019.05.06-01.18.59:082][  0]LogShaderCompilers: Cleaned the shader compiler working directory 'C:/Users/ISABEL/AppData/Local/Temp/UnrealShaderWorkingDir/9FF0CF6B42B3BE9251F80AB287A18F80/'.
[2019.05.06-01.18.59:084][  0]LogXGEController: Cleaning working directory: C:/Users/ISABEL/AppData/Local/Temp/UnrealXGEWorkingDir/
[2019.05.06-01.18.59:084][  0]LogXGEController: Cannot use XGE Controller as Incredibuild is not installed on this machine.
[2019.05.06-01.18.59:084][  0]LogShaderCompilers: Cannot use XGE Shader Compiler as Incredibuild is not installed on this machine.
[2019.05.06-01.18.59:084][  0]LogShaderCompilers: Display: Using Local Shader Compiler.
[2019.05.06-01.18.59:724][  0]LogDerivedDataCache: Display: Max Cache Size: 512 MB
[2019.05.06-01.18.59:767][  0]LogDerivedDataCache: Loaded boot cache 0.04s 71MB C:/Users/ISABEL/AppData/Local/UnrealEngine/4.22/DerivedDataCache/Boot.ddc.
[2019.05.06-01.18.59:767][  0]LogDerivedDataCache: Display: Loaded Boot cache: C:/Users/ISABEL/AppData/Local/UnrealEngine/4.22/DerivedDataCache/Boot.ddc
[2019.05.06-01.18.59:767][  0]LogDerivedDataCache: FDerivedDataBackendGraph:  Pak pak cache file E:/Github/EFT-/EFT_Isabel/EscapeOfTartarus/EFT/EFT/DerivedDataCache/DDC.ddp not found, will not use a pak cache.
[2019.05.06-01.18.59:767][  0]LogDerivedDataCache: Unable to find inner node Pak for hierarchical cache Hierarchy.
[2019.05.06-01.18.59:767][  0]LogDerivedDataCache: FDerivedDataBackendGraph:  CompressedPak pak cache file E:/Github/EFT-/EFT_Isabel/EscapeOfTartarus/EFT/EFT/DerivedDataCache/Compressed.ddp not found, will not use a pak cache.
[2019.05.06-01.18.59:767][  0]LogDerivedDataCache: Unable to find inner node CompressedPak for hierarchical cache Hierarchy.
[2019.05.06-01.18.59:781][  0]LogDerivedDataCache: Display: Pak cache opened for reading ../../../Engine/DerivedDataCache/Compressed.ddp.
[2019.05.06-01.18.59:781][  0]LogDerivedDataCache: FDerivedDataBackendGraph:  EnterprisePak pak cache file ../../../Enterprise/DerivedDataCache/Compressed.ddp not found, will not use a pak cache.
[2019.05.06-01.18.59:781][  0]LogDerivedDataCache: Unable to find inner node EnterprisePak for hierarchical cache Hierarchy.
[2019.05.06-01.18.59:793][  0]LogDerivedDataCache: Using Local data cache path C:/Users/ISABEL/AppData/Local/UnrealEngine/Common/DerivedDataCache: Writable
[2019.05.06-01.18.59:793][  0]LogDerivedDataCache: Shared data cache path not found in *engine.ini, will not use an Shared cache.
[2019.05.06-01.18.59:793][  0]LogDerivedDataCache: Unable to find inner node Shared for hierarchical cache Hierarchy.
[2019.05.06-01.18.59:817][  0]LogMaterial: Verifying Global Shaders for PCD3D_SM5
[2019.05.06-01.18.59:819][  0]LogSlate: Using FreeType 2.6.0
[2019.05.06-01.18.59:819][  0]LogSlate: SlateFontServices - WITH_FREETYPE: 1, WITH_HARFBUZZ: 1
[2019.05.06-01.18.59:906][  0]LogAssetRegistry: FAssetRegistry took 0.0365 seconds to start up
[2019.05.06-01.19.00:323][  0]LogInit: Selected Device Profile: [Windows]
[2019.05.06-01.19.00:467][  0]LogMeshReduction: Using QuadricMeshReduction for automatic static mesh reduction
[2019.05.06-01.19.00:468][  0]LogMeshReduction: Using SimplygonMeshReduction for automatic skeletal mesh reduction
[2019.05.06-01.19.00:468][  0]LogMeshReduction: Using ProxyLODMeshReduction for automatic mesh merging
[2019.05.06-01.19.00:468][  0]LogMeshReduction: No distributed automatic mesh merging module available
[2019.05.06-01.19.00:468][  0]LogMeshMerging: No distributed automatic mesh merging module available
[2019.05.06-01.19.00:478][  0]LogNetVersion: EFT 1.0.0, NetCL: 5660361, EngineNetVer: 10, GameNetVer: 0 (Checksum: 1385201483)
[2019.05.06-01.19.00:897][  0]LogPackageLocalizationCache: Processed 10 localized package path(s) for 1 prioritized culture(s) in 0.049562 seconds
[2019.05.06-01.19.00:905][  0]LogUObjectArray: 42205 objects as part of root set at end of initial load.
[2019.05.06-01.19.00:905][  0]LogUObjectAllocator: 7325032 out of 0 bytes used by permanent object pool.
[2019.05.06-01.19.00:905][  0]LogUObjectArray: CloseDisregardForGC: 0/0 objects in disregard for GC pool
[2019.05.06-01.19.01:754][  0]LogTcpMessaging: Initializing TcpMessaging bridge
[2019.05.06-01.19.01:768][  0]LogUdpMessaging: Initializing bridge on interface 0.0.0.0:0 to multicast group 230.0.0.1:6666.
[2019.05.06-01.19.01:882][  0]SourceControl: Source control is disabled
[2019.05.06-01.19.01:882][  0]SourceControl: Source control is disabled
[2019.05.06-01.19.01:883][  0]SourceControl: Source control is disabled
[2019.05.06-01.19.01:884][  0]SourceControl: Source control is disabled
[2019.05.06-01.19.01:958][  0]LogAndroidPermission: UAndroidPermissionCallbackProxy::GetInstance
[2019.05.06-01.19.02:062][  0]LogOcInput: OculusInput pre-init called
[2019.05.06-01.19.02:737][  0]LogEngine: Initializing Engine...
[2019.05.06-01.19.02:737][  0]LogHMD: Oculus plugin initialized. Version: 4.22.1-6063286+++UE4+Release-4.22, OVRPlugin: 1.32.0
[2019.05.06-01.19.02:738][  0]LogStats: UGameplayTagsManager::InitializeManager -  0.000 s
[2019.05.06-01.19.02:944][  0]LogInit: Initializing FReadOnlyCVARCache
[2019.05.06-01.19.02:957][  0]LogAIModule: Creating AISystem for world Untitled
[2019.05.06-01.19.03:031][  0]LogInit: XAudio2 using 'Speakers (Realtek High Definition Audio)' : 6 channels at 48 kHz using 32 bits per sample (channel mask 0x3f)
[2019.05.06-01.19.03:062][  0]LogInit: FAudioDevice initialized.
[2019.05.06-01.19.03:062][  0]LogNetVersion: Set ProjectVersion to 1.0.0.0. Version Checksum will be recalculated on next use.
[2019.05.06-01.19.03:193][  0]LogDerivedDataCache: Saved boot cache 0.13s 71MB C:/Users/ISABEL/AppData/Local/UnrealEngine/4.22/DerivedDataCache/Boot.ddc.
[2019.05.06-01.19.03:205][  0]LogInit: Texture streaming: Enabled
[2019.05.06-01.19.03:223][  0]LogEngineSessionManager: EngineSessionManager initialized
[2019.05.06-01.19.03:244][  0]LogInit: Transaction tracking system initialized
[2019.05.06-01.19.03:265][  0]BlueprintLog: New page: Editor Load
[2019.05.06-01.19.03:350][  0]LocalizationService: Localization service is disabled
[2019.05.06-01.19.03:646][  0]LogFileCache: Scanning file cache for directory 'E:/Github/EFT-/EFT_Isabel/EscapeOfTartarus/EFT/EFT/Content/' took 0.01s
[2019.05.06-01.19.03:646][  0]LogCook: Display: Max memory allowance for cook 16384mb min free memory 0mb
[2019.05.06-01.19.03:646][  0]LogCook: Display: Mobile HDR setting 1
[2019.05.06-01.19.03:816][  0]SourceControl: Source control is disabled
[2019.05.06-01.19.03:816][  0]Cmd: MAP LOAD FILE="E:/Github/EFT-/EFT_Isabel/EscapeOfTartarus/EFT/EFT/Content/Maps/GroundLevel/MainMenu.umap" TEMPLATE=0 SHOWPROGRESS=1 FEATURELEVEL=3
[2019.05.06-01.19.03:816][  0]LogEditorServer: Warning: Can't find file 'E:/Github/EFT-/EFT_Isabel/EscapeOfTartarus/EFT/EFT/Content/Maps/GroundLevel/MainMenu.umap'
[2019.05.06-01.19.03:816][  0]Cmd: MAP CHECKDEP NOCLEARLOG
[2019.05.06-01.19.03:817][  0]MapCheck: Map check complete: 0 Error(s), 0 Warning(s), took 0.115ms to complete.
[2019.05.06-01.19.03:817][  0]LogFileHelpers: Loading map 'MainMenu' took 0.000
[2019.05.06-01.19.03:934][  0]LogSlate: Updating window title bar state: overlay mode, drag disabled, window buttons hidden, title bar hidden
[2019.05.06-01.19.03:942][  0]LogSlate: Updating window title bar state: overlay mode, drag disabled, window buttons hidden, title bar hidden
[2019.05.06-01.19.03:950][  0]LogSlate: Updating window title bar state: overlay mode, drag disabled, window buttons hidden, title bar hidden
[2019.05.06-01.19.03:958][  0]LogSlate: Updating window title bar state: overlay mode, drag disabled, window buttons hidden, title bar hidden
[2019.05.06-01.19.03:963][  0]LogCollectionManager: Loaded 0 collections in 0.001260 seconds
[2019.05.06-01.19.03:979][  0]LogFileCache: Scanning file cache for directory 'E:/Github/EFT-/EFT_Isabel/EscapeOfTartarus/EFT/EFT/Saved/Collections/' took 0.01s
[2019.05.06-01.19.03:979][  0]LogFileCache: Scanning file cache for directory 'E:/Github/EFT-/EFT_Isabel/EscapeOfTartarus/EFT/EFT/Content/Developers/ISABEL/Collections/' took 0.00s
[2019.05.06-01.19.03:979][  0]LogFileCache: Scanning file cache for directory 'E:/Github/EFT-/EFT_Isabel/EscapeOfTartarus/EFT/EFT/Content/Collections/' took 0.00s
[2019.05.06-01.19.03:979][  0]LogCollectionManager: Rebuilt the GUID cache for 0 collections in 0.000000 seconds
[2019.05.06-01.19.03:989][  0]LogContentBrowser: Native class hierarchy populated in 0.0103 seconds. Added 2732 classes and 659 folders.
[2019.05.06-01.19.03:997][  0]LogContentBrowser: Native class hierarchy updated for 'WidgetCarousel' in 0.0003 seconds. Added 0 classes and 0 folders.
[2019.05.06-01.19.03:998][  0]LogPakFile: Registered encryption key '00000000000000000000000000000000': 0 pak files mounted, 0 remain pending
[2019.05.06-01.19.03:998][  0]LogPakFile: Registered encryption key '00000000000000000000000000000000': 0 pak files mounted, 0 remain pending
[2019.05.06-01.19.03:999][  0]LogPakFile: Registered encryption key '00000000000000000000000000000000': 0 pak files mounted, 0 remain pending
[2019.05.06-01.19.03:999][  0]LogPakFile: Registered encryption key '00000000000000000000000000000000': 0 pak files mounted, 0 remain pending
[2019.05.06-01.19.04:000][  0]LogPakFile: Registered encryption key '00000000000000000000000000000000': 0 pak files mounted, 0 remain pending
[2019.05.06-01.19.04:000][  0]LogPakFile: Registered encryption key '00000000000000000000000000000000': 0 pak files mounted, 0 remain pending
[2019.05.06-01.19.04:000][  0]LogPakFile: Registered encryption key '00000000000000000000000000000000': 0 pak files mounted, 0 remain pending
[2019.05.06-01.19.04:001][  0]LogPakFile: Registered encryption key '00000000000000000000000000000000': 0 pak files mounted, 0 remain pending
[2019.05.06-01.19.04:001][  0]LogPakFile: Registered encryption key '00000000000000000000000000000000': 0 pak files mounted, 0 remain pending
[2019.05.06-01.19.04:002][  0]LogPakFile: Registered encryption key '00000000000000000000000000000000': 0 pak files mounted, 0 remain pending
[2019.05.06-01.19.04:002][  0]LogPakFile: Registered encryption key '00000000000000000000000000000000': 0 pak files mounted, 0 remain pending
[2019.05.06-01.19.04:003][  0]LogPakFile: Registered encryption key '00000000000000000000000000000000': 0 pak files mounted, 0 remain pending
[2019.05.06-01.19.04:003][  0]LogPakFile: Registered encryption key '00000000000000000000000000000000': 0 pak files mounted, 0 remain pending
[2019.05.06-01.19.04:003][  0]LogPakFile: Registered encryption key '00000000000000000000000000000000': 0 pak files mounted, 0 remain pending
[2019.05.06-01.19.04:004][  0]LogPakFile: Registered encryption key '00000000000000000000000000000000': 0 pak files mounted, 0 remain pending
[2019.05.06-01.19.04:004][  0]LogPakFile: Registered encryption key '00000000000000000000000000000000': 0 pak files mounted, 0 remain pending
[2019.05.06-01.19.04:005][  0]LogPakFile: Registered encryption key '00000000000000000000000000000000': 0 pak files mounted, 0 remain pending
[2019.05.06-01.19.04:005][  0]LogPakFile: Registered encryption key '00000000000000000000000000000000': 0 pak files mounted, 0 remain pending
[2019.05.06-01.19.04:006][  0]LogPakFile: Registered encryption key '00000000000000000000000000000000': 0 pak files mounted, 0 remain pending
[2019.05.06-01.19.04:006][  0]LogPakFile: Registered encryption key '00000000000000000000000000000000': 0 pak files mounted, 0 remain pending
[2019.05.06-01.19.04:006][  0]LogPakFile: Registered encryption key '00000000000000000000000000000000': 0 pak files mounted, 0 remain pending
[2019.05.06-01.19.04:007][  0]LogPakFile: Registered encryption key '00000000000000000000000000000000': 0 pak files mounted, 0 remain pending
[2019.05.06-01.19.04:007][  0]LogPakFile: Registered encryption key '00000000000000000000000000000000': 0 pak files mounted, 0 remain pending
[2019.05.06-01.19.04:008][  0]LogPakFile: Registered encryption key '00000000000000000000000000000000': 0 pak files mounted, 0 remain pending
[2019.05.06-01.19.04:008][  0]LogPakFile: Registered encryption key '00000000000000000000000000000000': 0 pak files mounted, 0 remain pending
[2019.05.06-01.19.04:009][  0]LogPakFile: Registered encryption key '00000000000000000000000000000000': 0 pak files mounted, 0 remain pending
[2019.05.06-01.19.04:035][  0]LogContentBrowser: Native class hierarchy updated for 'AddContentDialog' in 0.0003 seconds. Added 0 classes and 0 folders.
[2019.05.06-01.19.04:040][  0]LogContentBrowser: Native class hierarchy updated for 'SceneOutliner' in 0.0003 seconds. Added 1 classes and 2 folders.
[2019.05.06-01.19.04:103][  0]LogSlate: Took 0.000152 seconds to synchronously load lazily loaded font '../../../Engine/Content/Slate/Fonts/Roboto-Regular.ttf' (155K)
[2019.05.06-01.19.04:105][  0]LogSlate: Took 0.000182 seconds to synchronously load lazily loaded font '../../../Engine/Content/Slate/Fonts/Roboto-Bold.ttf' (160K)
[2019.05.06-01.19.04:110][  0]LogSlate: Took 0.000176 seconds to synchronously load lazily loaded font '../../../Engine/Content/Editor/Slate/Fonts/FontAwesome.ttf' (139K)
[2019.05.06-01.19.04:173][  0]LogRenderer: Reallocating scene render targets to support 1208x572 Format 10 NumSamples 1 (Frame:1).
[2019.05.06-01.19.04:285][  0]LogContentBrowser: Native class hierarchy updated for 'HierarchicalLODOutliner' in 0.0003 seconds. Added 0 classes and 0 folders.
[2019.05.06-01.19.04:285][  0]LogLoad: (Engine Initialization) Total time: 8.75 seconds
[2019.05.06-01.19.04:285][  0]LogLoad: (Engine Initialization) Total Blueprint compile time: 0.00 seconds
[2019.05.06-01.19.04:295][  0]LogWindowsTextInputMethodSystem: Display: IME system now deactivated.
[2019.05.06-01.19.04:296][  0]LogOcInput: OculusInput is initialized
[2019.05.06-01.19.04:322][  0]LogAssetRegistry: Asset discovery search completed in 4.4386 seconds
[2019.05.06-01.19.04:324][  0]LogCollectionManager: Rebuilt the object cache for 0 collections in 0.000000 seconds (found 0 objects)
[2019.05.06-01.19.04:324][  0]LogCollectionManager: Fixed up redirectors for 0 collections in 0.000042 seconds (updated 0 objects)
[2019.05.06-01.19.04:326][  0]LogContentStreaming: Texture pool size now 1000 MB
[2019.05.06-01.19.04:408][  0]LogSlate: Took 0.000129 seconds to synchronously load lazily loaded font '../../../Engine/Content/Slate/Fonts/Roboto-Light.ttf' (167K)
[2019.05.06-01.19.05:327][106]LogSlate: Took 0.000167 seconds to synchronously load lazily loaded font '../../../Engine/Content/Slate/Fonts/Roboto-Light.ttf' (167K)
[2019.05.06-01.19.08:414][474]LogSlate: FSceneViewport::OnFocusLost() reason 0
[2019.05.06-01.19.08:643][495]LogAIModule: Creating AISystem for world MainMenu
[2019.05.06-01.19.08:649][495]LogAssetEditorManager: Opening Asset editor for World /Game/Maps/MainMenu/MainMenu.MainMenu
[2019.05.06-01.19.08:684][495]LogUObjectHash: Compacting FUObjectHashTables data took   2.16ms
[2019.05.06-01.19.08:686][495]Cmd: MAP LOAD FILE="E:/Github/EFT-/EFT_Isabel/EscapeOfTartarus/EFT/EFT/Content/Maps/MainMenu/MainMenu.umap" TEMPLATE=0 SHOWPROGRESS=1 FEATURELEVEL=3
[2019.05.06-01.19.08:686][495]LightingResults: New page: Lighting Build
[2019.05.06-01.19.08:688][495]LogContentBrowser: Native class hierarchy updated for 'StatsViewer' in 0.0003 seconds. Added 5 classes and 0 folders.
[2019.05.06-01.19.08:688][495]LoadErrors: New page: Loading map: MainMenu.umap
[2019.05.06-01.19.08:701][495]MapCheck: New page: Map Check
[2019.05.06-01.19.08:701][495]LightingResults: New page: Lighting Build
[2019.05.06-01.19.08:735][495]LogUObjectHash: Compacting FUObjectHashTables data took   1.63ms
[2019.05.06-01.19.08:797][495]LogEditorServer: Finished looking for orphan Actors (0.000 secs)
[2019.05.06-01.19.08:833][495]LogUObjectHash: Compacting FUObjectHashTables data took   1.23ms
[2019.05.06-01.19.08:883][495]Cmd: MAP CHECKDEP NOCLEARLOG
[2019.05.06-01.19.08:885][495]MapCheck: Map check complete: 0 Error(s), 0 Warning(s), took 1.362ms to complete.
[2019.05.06-01.19.08:885][495]LogFileHelpers: Loading map 'MainMenu' took 0.200
[2019.05.06-01.19.09:847][596]LogTemp: Repeating last play command: Selected Viewport
[2019.05.06-01.19.09:929][596]LogBlueprintUserMessages: Early PlayInEditor Detection: Level '/Game/Maps/MainMenu/MainMenu.MainMenu:PersistentLevel' has LevelScriptBlueprint '/Game/Maps/MainMenu/MainMenu.MainMenu:PersistentLevel.MainMenu' with GeneratedClass '/Game/Maps/MainMenu/MainMenu.MainMenu_C' with ClassGeneratedBy '/Game/Maps/MainMenu/MainMenu.MainMenu:PersistentLevel.MainMenu'
[2019.05.06-01.19.09:929][596]LogPlayLevel: PlayLevel: No blueprints needed recompiling
[2019.05.06-01.19.09:929][596]LogHMD: Initializing OVRPlugin session
[2019.05.06-01.19.10:031][596]PIE: New page: PIE session: MainMenu (May 5, 2019, 3:19:10 PM)
[2019.05.06-01.19.10:044][596]LogPlayLevel: Creating play world package: /Game/Maps/MainMenu/UEDPIE_0_MainMenu
[2019.05.06-01.19.10:045][596]LogPlayLevel: PIE: StaticDuplicateObject took: (0.001116s)
[2019.05.06-01.19.10:045][596]LogAIModule: Creating AISystem for world MainMenu
[2019.05.06-01.19.10:046][596]LogPlayLevel: PIE: World Init took: (0.000520s)
[2019.05.06-01.19.10:046][596]LogPlayLevel: PIE: Created PIE world by copying editor world from /Game/Maps/MainMenu/MainMenu.MainMenu to /Game/Maps/MainMenu/UEDPIE_0_MainMenu.MainMenu (0.001870s)
[2019.05.06-01.19.10:080][596]LogUObjectHash: Compacting FUObjectHashTables data took   1.26ms
[2019.05.06-01.19.10:096][596]LogInit: XAudio2 using 'Speakers (Realtek High Definition Audio)' : 6 channels at 48 kHz using 32 bits per sample (channel mask 0x3f)
[2019.05.06-01.19.10:109][596]LogInit: FAudioDevice initialized.
[2019.05.06-01.19.10:148][596]LogLoad: Game class is 'RenderToTexture_Game_C'
[2019.05.06-01.19.10:149][596]LogWorld: Bringing World /Game/Maps/MainMenu/UEDPIE_0_MainMenu.MainMenu up for play (max tick rate 0) at 2019.05.05-20.19.10
[2019.05.06-01.19.10:149][596]LogWorld: Bringing up level for play took: 0.000383
[2019.05.06-01.19.10:166][596]LogContentBrowser: Native class hierarchy updated for 'MovieSceneCapture' in 0.0004 seconds. Added 20 classes and 0 folders.
[2019.05.06-01.19.10:166][596]LogGameMode: Display: Match State Changed from EnteringMap to WaitingToStart
[2019.05.06-01.19.10:166][596]LogGameState: Match State Changed from EnteringMap to WaitingToStart
[2019.05.06-01.19.10:166][596]LogGameMode: Display: Match State Changed from WaitingToStart to InProgress
[2019.05.06-01.19.10:167][596]LogGameState: Match State Changed from WaitingToStart to InProgress
[2019.05.06-01.19.10:167][596]PIE: Play in editor start time for /Game/Maps/MainMenu/UEDPIE_0_MainMenu -0.731
[2019.05.06-01.19.10:167][596]LogBlueprintUserMessages: Late PlayInEditor Detection: Level '/Game/Maps/MainMenu/MainMenu.MainMenu:PersistentLevel' has LevelScriptBlueprint '/Game/Maps/MainMenu/MainMenu.MainMenu:PersistentLevel.MainMenu' with GeneratedClass '/Game/Maps/MainMenu/MainMenu.MainMenu_C' with ClassGeneratedBy '/Game/Maps/MainMenu/MainMenu.MainMenu:PersistentLevel.MainMenu'
[2019.05.06-01.19.16:601][366]LogGameMode: Display: Match State Changed from InProgress to LeavingMap
[2019.05.06-01.19.16:601][366]LogGameState: Match State Changed from InProgress to LeavingMap
[2019.05.06-01.19.16:601][366]LogNet: Browse: /Game/Maps/GroundLevel/Ground
[2019.05.06-01.19.16:601][366]LogHMD: FSplash::OnShow
[2019.05.06-01.19.16:601][366]LogHMD: FSplash::OnShow
[2019.05.06-01.19.16:601][366]LogHMD: FSplash::OnShow
[2019.05.06-01.19.16:601][366]LogLoad: LoadMap: /Game/Maps/GroundLevel/Ground
[2019.05.06-01.19.46:607][366]LogHMD: Error: Splash ovrp_WaitToBeginFrame 1 failed (-1000)
[2019.05.06-01.19.46:607][366]LogHMD: Error: Splash ovrp_WaitToBeginFrame 1 failed (-1000)
[2019.05.06-01.19.46:607][366]LogHMD: Error: Splash ovrp_WaitToBeginFrame 1 failed (-1000)
[2019.05.06-01.19.46:607][366]LogHMD: Error: Splash ovrp_WaitToBeginFrame 1 failed (-1000)
[2019.05.06-01.19.46:609][366]LogHMD: Error: Splash ovrp_WaitToBeginFrame 1 failed (-1000)
[2019.05.06-01.19.46:609][366]LogHMD: Error: Splash ovrp_WaitToBeginFrame 1 failed (-1000)
[2019.05.06-01.19.46:609][366]LogUObjectHash: Compacting FUObjectHashTables data took   1.61ms
[2019.05.06-01.19.46:894][366]LogHMD: Error: Splash ovrp_WaitToBeginFrame 1 failed (-1000)
[2019.05.06-01.19.46:894][366]LogHMD: Error: Splash ovrp_WaitToBeginFrame 1 failed (-1000)
[2019.05.06-01.19.46:894][366]LogHMD: Error: Splash ovrp_WaitToBeginFrame 1 failed (-1000)
[2019.05.06-01.19.46:894][366]LogHMD: Error: Splash ovrp_WaitToBeginFrame 1 failed (-1000)
[2019.05.06-01.19.46:894][366]LogHMD: Error: Splash ovrp_WaitToBeginFrame 1 failed (-1000)
[2019.05.06-01.19.46:894][366]LogHMD: Error: Splash ovrp_WaitToBeginFrame 1 failed (-1000)
[2019.05.06-01.19.46:894][366]LogHMD: Error: Splash ovrp_WaitToBeginFrame 1 failed (-1000)
[2019.05.06-01.19.46:894][366]LogHMD: Error: Splash ovrp_WaitToBeginFrame 1 failed (-1000)
[2019.05.06-01.19.46:894][366]LogHMD: Error: Splash ovrp_WaitToBeginFrame 1 failed (-1000)
[2019.05.06-01.19.46:894][366]LogHMD: Error: Splash ovrp_WaitToBeginFrame 1 failed (-1000)
[2019.05.06-01.19.46:894][366]LogHMD: Error: Splash ovrp_WaitToBeginFrame 1 failed (-1000)
[2019.05.06-01.19.46:894][366]LogHMD: Error: Splash ovrp_WaitToBeginFrame 1 failed (-1000)
[2019.05.06-01.19.46:894][366]LogHMD: Error: Splash ovrp_WaitToBeginFrame 1 failed (-1000)
[2019.05.06-01.19.46:894][366]LogHMD: Error: Splash ovrp_WaitToBeginFrame 1 failed (-1000)
[2019.05.06-01.19.46:894][366]LogHMD: Error: Splash ovrp_WaitToBeginFrame 1 failed (-1000)
[2019.05.06-01.19.46:894][366]LogHMD: Error: Splash ovrp_WaitToBeginFrame 1 failed (-1000)
[2019.05.06-01.19.46:894][366]LogHMD: Error: Splash ovrp_WaitToBeginFrame 1 failed (-1000)
[2019.05.06-01.19.46:894][366]LogHMD: Error: Splash ovrp_WaitToBeginFrame 1 failed (-1000)
[2019.05.06-01.19.46:894][366]LogHMD: Error: Splash ovrp_WaitToBeginFrame 1 failed (-1000)
[2019.05.06-01.19.46:894][366]LogHMD: Error: Splash ovrp_WaitToBeginFrame 1 failed (-1000)
[2019.05.06-01.19.46:894][366]LogHMD: Error: Splash ovrp_WaitToBeginFrame 1 failed (-1000)
[2019.05.06-01.19.46:894][366]LogHMD: Error: Splash ovrp_WaitToBeginFrame 1 failed (-1000)
[2019.05.06-01.19.46:894][366]LogHMD: Error: Splash ovrp_WaitToBeginFrame 1 failed (-1000)
[2019.05.06-01.19.46:894][366]LogHMD: Error: Splash ovrp_WaitToBeginFrame 1 failed (-1000)
[2019.05.06-01.19.46:894][366]LogHMD: Error: Splash ovrp_WaitToBeginFrame 1 failed (-1000)
[2019.05.06-01.19.46:894][366]LogHMD: Error: Splash ovrp_WaitToBeginFrame 1 failed (-1000)
[2019.05.06-01.19.46:894][366]LogHMD: Error: Splash ovrp_WaitToBeginFrame 1 failed (-1000)
[2019.05.06-01.19.46:894][366]LogHMD: Error: Splash ovrp_WaitToBeginFrame 1 failed (-1000)
[2019.05.06-01.19.46:894][366]LogHMD: Error: Splash ovrp_WaitToBeginFrame 1 failed (-1000)
[2019.05.06-01.19.46:894][366]LogHMD: Error: Splash ovrp_WaitToBeginFrame 1 failed (-1000)
[2019.05.06-01.19.46:894][366]LogHMD: Error: Splash ovrp_WaitToBeginFrame 1 failed (-1000)
[2019.05.06-01.19.46:894][366]LogHMD: Error: Splash ovrp_WaitToBeginFrame 1 failed (-1000)
[2019.05.06-01.19.46:894][366]LogHMD: Error: Splash ovrp_WaitToBeginFrame 1 failed (-1000)
[2019.05.06-01.19.46:894][366]LogHMD: Error: Splash ovrp_WaitToBeginFrame 1 failed (-1000)
[2019.05.06-01.19.46:894][366]LogHMD: Error: Splash ovrp_WaitToBeginFrame 1 failed (-1000)
[2019.05.06-01.19.46:894][366]LogHMD: Error: Splash ovrp_WaitToBeginFrame 1 failed (-1000)
[2019.05.06-01.19.46:894][366]LogHMD: Error: Splash ovrp_WaitToBeginFrame 1 failed (-1000)
[2019.05.06-01.19.46:894][366]LogHMD: Error: Splash ovrp_WaitToBeginFrame 1 failed (-1000)
[2019.05.06-01.19.46:894][366]LogHMD: Error: Splash ovrp_WaitToBeginFrame 1 failed (-1000)
[2019.05.06-01.19.46:894][366]LogHMD: Error: Splash ovrp_WaitToBeginFrame 1 failed (-1000)
[2019.05.06-01.19.46:894][366]LogHMD: Error: Splash ovrp_WaitToBeginFrame 1 failed (-1000)
[2019.05.06-01.19.46:901][366]LogHMD: Error: Splash ovrp_WaitToBeginFrame 1 failed (-1000)
[2019.05.06-01.19.46:901][366]LogAIModule: Creating AISystem for world Ground
[2019.05.06-01.19.46:901][366]LogLoad: Game class is 'GameModeBase'
[2019.05.06-01.19.46:908][366]LogHMD: Error: Splash ovrp_WaitToBeginFrame 1 failed (-1000)
[2019.05.06-01.19.46:908][366]LogWorld: Bringing World /Game/Maps/GroundLevel/UEDPIE_0_Ground.Ground up for play (max tick rate 0) at 2019.05.05-20.19.46
[2019.05.06-01.19.46:909][366]LogWorld: Bringing up level for play took: 0.007038
[2019.05.06-01.19.46:909][366]LogGameMode: FindPlayerStart: PATHS NOT DEFINED or NO PLAYERSTART with positive rating
[2019.05.06-01.19.46:914][366]LogHMD: Error: Splash ovrp_WaitToBeginFrame 1 failed (-1000)
[2019.05.06-01.19.46:914][366]LogHMD: Initializing OVRPlugin session
[2019.05.06-01.19.46:986][366]LogHMD: Error: Splash ovrp_WaitToBeginFrame 1 failed (-1002)
[2019.05.06-01.19.46:986][366]LogHMD: Error: Splash ovrp_WaitToBeginFrame 1 failed (-1002)
[2019.05.06-01.19.46:986][366]LogHMD: Error: Splash ovrp_WaitToBeginFrame 1 failed (-1002)
[2019.05.06-01.19.46:986][366]LogHMD: Error: Splash ovrp_WaitToBeginFrame 1 failed (-1002)
[2019.05.06-01.19.46:986][366]LogHMD: Error: Splash ovrp_WaitToBeginFrame 1 failed (-1002)
[2019.05.06-01.19.46:986][366]LogHMD: Error: Splash ovrp_WaitToBeginFrame 1 failed (-1002)
[2019.05.06-01.19.46:986][366]LogHMD: Error: Splash ovrp_WaitToBeginFrame 1 failed (-1002)
[2019.05.06-01.19.46:986][366]LogHMD: Error: Splash ovrp_WaitToBeginFrame 1 failed (-1002)
[2019.05.06-01.19.46:986][366]LogHMD: Error: Splash ovrp_WaitToBeginFrame 1 failed (-1002)
[2019.05.06-01.19.46:986][366]LogHMD: Error: Splash ovrp_WaitToBeginFrame 1 failed (-1002)
[2019.05.06-01.19.46:998][366]LogHMD: FSplash::OnShow
[2019.05.06-01.19.46:999][366]LogLoad: Took 30.397998 seconds to LoadMap(/Game/Maps/GroundLevel/Ground)
[2019.05.06-01.19.47:025][367]LogHMD: FSplash::OnHide
[2019.05.06-01.19.49:525][583]LogBlueprintUserMessages: [sample_5] 90
[2019.05.06-01.19.52:992][881]LogBlueprintUserMessages: [sample_5] 80
[2019.05.06-01.19.54:382][  1]LogBlueprintUserMessages: [sample_5] 70
[2019.05.06-01.19.54:393][  2]LogBlueprintUserMessages: [sample_5] 60
[2019.05.06-01.19.59:388][429]LogBlueprintUserMessages: Early EndPlayMap Detection: Level '/Game/Maps/MainMenu/MainMenu.MainMenu:PersistentLevel' has LevelScriptBlueprint '/Game/Maps/MainMenu/MainMenu.MainMenu:PersistentLevel.MainMenu' with GeneratedClass '/Game/Maps/MainMenu/MainMenu.MainMenu_C' with ClassGeneratedBy '/Game/Maps/MainMenu/MainMenu.MainMenu:PersistentLevel.MainMenu'
[2019.05.06-01.19.59:393][429]LogSlate: Updating window title bar state: overlay mode, drag disabled, window buttons hidden, title bar hidden
[2019.05.06-01.19.59:421][429]LogPlayLevel: Display: Shutting down PIE online subsystems
[2019.05.06-01.19.59:422][429]LogBlueprintUserMessages: Late EndPlayMap Detection: Level '/Game/Maps/MainMenu/MainMenu.MainMenu:PersistentLevel' has LevelScriptBlueprint '/Game/Maps/MainMenu/MainMenu.MainMenu:PersistentLevel.MainMenu' with GeneratedClass '/Game/Maps/MainMenu/MainMenu.MainMenu_C' with ClassGeneratedBy '/Game/Maps/MainMenu/MainMenu.MainMenu:PersistentLevel.MainMenu'
[2019.05.06-01.19.59:459][429]LogSlate: Updating window title bar state: overlay mode, drag disabled, window buttons hidden, title bar hidden
[2019.05.06-01.19.59:466][429]LogUObjectHash: Compacting FUObjectHashTables data took   2.65ms
[2019.05.06-01.19.59:489][431]LogPlayLevel: Display: Destroying online subsystem :Context_1
