"../../../Engine/Content/Functions/Engine_MaterialFunctions01/Opacity/CameraDepthFade.uasset" 0
"../../../Engine/Content/EngineMaterials/T_Default_Material_Grid_M.uasset" 1
"../../../Engine/Content/EngineMaterials/T_Default_Material_Grid_N.uasset" 2
"../../../Engine/Content/EngineMaterials/WorldGridMaterial.uasset" 3
"../../../Engine/Content/ArtTools/RenderToTexture/Meshes/S_1_Unit_Plane.uasset" 4
"../../../Engine/Content/EngineMaterials/DefaultMaterial.uasset" 5
"../../../Engine/Content/BasicShapes/Cone.uasset" 6
"../../../Engine/Content/BasicShapes/Cube.uasset" 7
"../../../Engine/Content/BasicShapes/Cylinder.uasset" 8
"../../../Engine/Content/BasicShapes/Plane.uasset" 9
"../../../Engine/Content/BasicShapes/Sphere.uasset" 10
"../../../Engine/Content/EditorLandscapeResources/DataLayer.uasset" 11
"../../../Engine/Content/EditorMaterials/GizmoMaterial.uasset" 12
"../../../Engine/Content/EditorMaterials/MAT_Groups_Toggle.uasset" 13
"../../../Engine/Content/EditorMaterials/MAT_Groups_Visibility.uasset" 14
"../../../Engine/Content/EditorMaterials/PreviewShadowIndicator.uasset" 15
"../../../Engine/Content/EditorMaterials/PreviewShadowIndicatorMaterial.uasset" 16
"../../../Engine/Content/EditorMaterials/MatineeGroups/MAT_ColorTrack.uasset" 17
"../../../Engine/Content/EditorMaterials/MatineeGroups/MAT_Groups_Anim.uasset" 18
"../../../Engine/Content/EditorMaterials/MatineeGroups/MAT_Groups_AudioMaster.uasset" 19
"../../../Engine/Content/EditorMaterials/MatineeGroups/MAT_Groups_Director.uasset" 20
"../../../Engine/Content/EditorMaterials/MatineeGroups/MAT_Groups_Event.uasset" 21
"../../../Engine/Content/EditorMaterials/MatineeGroups/MAT_Groups_Fade.uasset" 22
"../../../Engine/Content/EditorMaterials/MatineeGroups/MAT_Groups_Float.uasset" 23
"../../../Engine/Content/EditorMaterials/MatineeGroups/MAT_Groups_Move.uasset" 24
"../../../Engine/Content/EditorMaterials/MatineeGroups/MAT_Groups_Slomo.uasset" 25
"../../../Engine/Content/EditorMaterials/MatineeGroups/MAT_Groups_Sound.uasset" 26
"../../../Engine/Content/EditorMaterials/MatineeGroups/MAT_Groups_Vector.uasset" 27
"../../../Engine/Content/EditorMaterials/ParticleSystems/PSysThumbnail_NoImage.uasset" 28
"../../../Engine/Content/EditorMaterials/ParticleSystems/PSysThumbnail_OOD.uasset" 29
"../../../Engine/Content/EditorMaterials/Camera/CineMat.uasset" 30
"../../../Engine/Content/EditorMaterials/Camera/MI_CineMat_Rig.uasset" 31
"../../../Engine/Content/EditorMeshes/Camera/SM_CraneRig_Arm.uasset" 32
"../../../Engine/Content/EditorMeshes/Camera/SM_CraneRig_Base.uasset" 33
"../../../Engine/Content/EditorMeshes/Camera/SM_CraneRig_Body.uasset" 34
"../../../Engine/Content/EditorMeshes/Camera/SM_CraneRig_Mount.uasset" 35
"../../../Engine/Content/EditorMeshes/Camera/SM_RailRig_Mount.uasset" 36
"../../../Engine/Content/EditorMeshes/Camera/SM_RailRig_Track.uasset" 37
"../../../Engine/Content/EditorResources/BSPVertex.uasset" 38
"../../../Engine/Content/EditorResources/EmptyActor.uasset" 39
"../../../Engine/Content/EditorResources/S_Actor.uasset" 40
"../../../Engine/Content/EditorResources/S_Trigger.uasset" 41
"../../../Engine/Content/EditorResources/SequenceRecorder/Countdown.uasset" 42
"../../../Engine/Content/EditorResources/SequenceRecorder/RecordingIndicator.uasset" 43
"../../../Engine/Content/EditorSounds/Notifications/CompileFailed.uasset" 44
"../../../Engine/Content/EditorSounds/Notifications/CompileFailed_Cue.uasset" 45
"../../../Engine/Content/EditorSounds/Notifications/CompileSuccess.uasset" 46
"../../../Engine/Content/EditorSounds/Notifications/CompileStart_Cue.uasset" 47
"../../../Engine/Content/EditorSounds/Notifications/CompileSuccess_Cue.uasset" 48
"../../../Engine/Content/EngineDamageTypes/DmgTypeBP_Environmental.uasset" 49
"../../../Engine/Content/EngineDebugMaterials/HeatmapGradient.uasset" 50
"../../../Engine/Content/EngineDebugMaterials/BoneWeightMaterial.uasset" 51
"../../../Engine/Content/EngineDebugMaterials/ClothMaterial.uasset" 52
"../../../Engine/Content/EngineDebugMaterials/ClothMaterial_WF.uasset" 53
"../../../Engine/Content/EngineDebugMaterials/DebugEditorMaterial.uasset" 54
"../../../Engine/Content/EngineDebugMaterials/DebugMeshMaterial.uasset" 55
"../../../Engine/Content/EngineDebugMaterials/GeomMaterial.uasset" 56
"../../../Engine/Content/EngineDebugMaterials/M_SimpleTranslucent.uasset" 57
"../../../Engine/Content/EngineFonts/Faces/RobotoBold.uasset" 58
"../../../Engine/Content/EngineFonts/Faces/RobotoBoldItalic.uasset" 59
"../../../Engine/Content/EngineFonts/Faces/RobotoItalic.uasset" 60
"../../../Engine/Content/EngineFonts/Faces/RobotoLight.uasset" 61
"../../../Engine/Content/EngineFonts/Faces/RobotoRegular.uasset" 62
"../../../Engine/Content/EngineFonts/Roboto.uasset" 63
"../../../Engine/Content/EngineFonts/Faces/RobotoTiny.uasset" 64
"../../../Engine/Content/EngineFonts/RobotoTiny.uasset" 65
"../../../Engine/Content/EngineMaterials/BaseFlattenDiffuseMap.uasset" 66
"../../../Engine/Content/EngineMaterials/BaseFlattenEmissiveMap.uasset" 67
"../../../Engine/Content/EngineMaterials/BaseFlattenGrayscaleMap.uasset" 68
"../../../Engine/Content/EngineMaterials/BaseFlattenNormalMap.uasset" 69
"../../../Engine/Content/EngineMaterials/BaseFlattenMaterial.uasset" 70
"../../../Engine/Content/EngineMaterials/DefaultBloomKernel.uasset" 71
"../../../Engine/Content/EngineMaterials/DefaultBokeh.uasset" 72
"../../../Engine/Content/EngineMaterials/DefaultDiffuse.uasset" 73
"../../../Engine/Content/EngineMaterials/DefaultDeferredDecalMaterial.uasset" 74
"../../../Engine/Content/EngineMaterials/DefaultLightFunctionMaterial.uasset" 75
"../../../Engine/Content/EngineMaterials/DefaultPhysicalMaterial.uasset" 76
"../../../Engine/Content/Functions/Engine_MaterialFunctions02/Utility/BreakOutFloat2Components.uasset" 77
"../../../Engine/Content/EngineMaterials/DefaultPostProcessMaterial.uasset" 78
"../../../Engine/Content/EngineFonts/RobotoDistanceField.uasset" 79
"../../../Engine/Content/EngineMaterials/DefaultTextMaterialOpaque.uasset" 80
"../../../Engine/Content/EngineMaterials/DefaultWhiteGrid.uasset" 81
"../../../Engine/Content/EngineMaterials/EditorBrushMaterial.uasset" 82
"../../../Engine/Content/EngineMaterials/Good64x64TilingNoiseHighFreq.uasset" 83
"../../../Engine/Content/EngineMaterials/MiniFont.uasset" 84
"../../../Engine/Content/EngineMaterials/InvalidLightmapSettings.uasset" 85
"../../../Engine/Content/EngineMaterials/M_InvalidLightmapSettings.uasset" 86
"../../../Engine/Content/Functions/Engine_MaterialFunctions02/WorldPositionOffset/CameraOffset.uasset" 87
"../../../Engine/Content/EngineMaterials/PhAT_JointLimitMaterial.uasset" 88
"../../../Engine/Content/EngineMaterials/PreintegratedSkinBRDF.uasset" 89
"../../../Engine/Content/EngineMaterials/RemoveSurfaceMaterial.uasset" 90
"../../../Engine/Content/EngineMaterials/WeightMapPlaceholderTexture.uasset" 91
"../../../Engine/Content/EngineResources/WhiteSquareTexture.uasset" 92
"../../../Engine/Content/EngineMaterials/Widget3DPassThrough.uasset" 93
"../../../Engine/Content/EngineMaterials/Widget3DPassThrough_Masked.uasset" 94
"../../../Engine/Content/EngineMaterials/Widget3DPassThrough_Opaque.uasset" 95
"../../../Engine/Content/EngineMaterials/Widget3DPassThrough_Masked_OneSided.uasset" 96
"../../../Engine/Content/EngineMaterials/Widget3DPassThrough_Opaque_OneSided.uasset" 97
"../../../Engine/Content/EngineMaterials/Widget3DPassThrough_Translucent.uasset" 98
"../../../Engine/Content/EngineMaterials/Widget3DPassThrough_Translucent_OneSided.uasset" 99
"../../../Engine/Content/EngineMeshes/Cylinder.uasset" 100
"../../../Engine/Content/EngineMeshes/Sphere.uasset" 101
"../../../Engine/Content/EngineResources/Black.uasset" 102
"../../../Engine/Content/EngineResources/DefaultTexture.uasset" 103
"../../../Engine/Content/EngineResources/DefaultTextureCube.uasset" 104
"../../../Engine/Content/EngineResources/DefaultVolumeTexture2D.uasset" 105
"../../../Engine/Content/EngineResources/DefaultVolumeTexture.uasset" 106
"../../../Engine/Content/EngineResources/GradientTexture0.uasset" 107
"../../../Engine/Content/EngineSounds/Master.uasset" 108
"../../../Engine/Content/Functions/Engine_MaterialFunctions01/Shading/ConvertFromDiffSpec.uasset" 109
"../../../Engine/Content/Functions/Engine_MaterialFunctions01/Shading/PowerToRoughness.uasset" 110
"../../../Engine/Content/Maps/Templates/Thumbnails/Default.uasset" 111
"../../../Engine/Content/Maps/Templates/Thumbnails/VR-Basic.uasset" 112
"../../../Engine/Content/MobileResources/T_MobileControls_texture.uasset" 113
"../../../Engine/Content/MobileResources/T_MobileMenu2.uasset" 114
"../../../Engine/Content/MobileResources/HUD/AnalogHat.uasset" 115
"../../../Engine/Content/MobileResources/HUD/VirtualJoystick_Background.uasset" 116
"../../../Engine/Content/MobileResources/HUD/VirtualJoystick_Thumb.uasset" 117
"../../../Engine/Content/MobileResources/HUD/DefaultVirtualJoysticks.uasset" 118
"../../../Engine/Content/MobileResources/HUD/LeftVirtualJoystickOnly.uasset" 119
"../../../Engine/Content/MobileResources/HUD/MobileHUDButton1_off.uasset" 120
"../../../Engine/Content/MobileResources/HUD/MobileHUDButton1_on.uasset" 121
"../../../Engine/Content/MobileResources/HUD/MobileHUDButton2_off.uasset" 122
"../../../Engine/Content/MobileResources/HUD/MobileHUDButton2_on.uasset" 123
"../../../Engine/Content/MobileResources/HUD/MobileHUDButton3.uasset" 124
"../../../Engine/Content/MobileResources/HUD/MobileHUDButtonFire.uasset" 125
"../../../Engine/Content/MobileResources/HUD/MobileHUDDirectionPad.uasset" 126
"../../../Engine/Content/MobileResources/HUD/MobileHUDDirectionPad2.uasset" 127
"../../../Engine/Content/MobileResources/HUD/MobileHUDDirectionPad3.uasset" 128
"../../../Engine/Content/MobileResources/HUD/MobileHUDDirectionStick.uasset" 129
"../../../Engine/Content/MobileResources/HUD/T_Castle_ThumbstickInner.uasset" 130
"../../../Engine/Content/MobileResources/HUD/T_Castle_ThumbstickOutter.uasset" 131
"../../../Engine/Content/Tutorial/ContentIntroCurve.uasset" 132
"../../../Engine/Content/VREditor/LaserPointer/VR_LaserPower_01.uasset" 133
"../../../Engine/Content/VREditor/TransformGizmo/TransformGizmoMaterial.uasset" 134
"../../../Engine/Content/VREditor/TransformGizmo/TranslucentTransformGizmoMaterial.uasset" 135
"../../../Engine/Content/VREditor/TransformGizmo/BoundingBoxCorner.uasset" 136
"../../../Engine/Content/VREditor/TransformGizmo/BoundingBoxEdge.uasset" 137
"../../../Engine/Content/VREditor/TransformGizmo/PlaneTranslationHandle.uasset" 138
"../../../Engine/Content/VREditor/TransformGizmo/Main.uasset" 139
"../../../Engine/Content/VREditor/TransformGizmo/Xray.uasset" 140
"../../../Engine/Content/VREditor/TransformGizmo/SM_Sequencer_Key.uasset" 141
"../../../Engine/Content/VREditor/TransformGizmo/SM_Sequencer_Node.uasset" 142
"../../Plugins/2D/Paper2D/Content/PlaceholderTextures/DummySpriteTexture.uasset" 143
"../../Plugins/2D/Paper2D/Content/DummySprite.uasset" 144
"../../Plugins/2D/Paper2D/Content/DefaultPaperTerrainMaterial.uasset" 145
"../../Plugins/2D/Paper2D/Content/DefaultSpriteMaterial.uasset" 146
"../../Plugins/2D/Paper2D/Content/MaskedUnlitSpriteMaterial.uasset" 147
"../../Plugins/2D/Paper2D/Content/OpaqueUnlitSpriteMaterial.uasset" 148
"../../Plugins/Runtime/Oculus/OculusVR/Content/Materials/PokeAHoleMaterial.uasset" 149
"../../Plugins/Runtime/Oculus/OculusVR/Content/Textures/GearVRController_AO.uasset" 150
"../../Plugins/Runtime/Oculus/OculusVR/Content/Textures/GearVRController_Color.uasset" 151
"../../Plugins/Runtime/Oculus/OculusVR/Content/Textures/GearVRController_Normal.uasset" 152
"../../Plugins/Runtime/Oculus/OculusVR/Content/Materials/GearVRControllerMaterial.uasset" 153
"../../Plugins/Runtime/Oculus/OculusVR/Content/Meshes/GearVrController.uasset" 154
"../../Plugins/Runtime/Oculus/OculusVR/Content/Textures/touchController_albedo.uasset" 155
"../../Plugins/Runtime/Oculus/OculusVR/Content/Textures/touchController_controlmap.uasset" 156
"../../Plugins/Runtime/Oculus/OculusVR/Content/Materials/touchController_mat.uasset" 157
"../../Plugins/Runtime/Oculus/OculusVR/Content/Meshes/LeftTouchController.uasset" 158
"../../Plugins/Runtime/Oculus/OculusVR/Content/Meshes/RiftHMD.uasset" 159
"../../Plugins/Runtime/Oculus/OculusVR/Content/Meshes/RightTouchController.uasset" 160
"E:/GAME 1306/EFT/EFT/Content/Blueprint/MainCharacter/Movements.uasset" 161
"../../Plugins/2D/Paper2D/Content/TranslucentUnlitSpriteMaterial.uasset" 162
"E:/GAME 1306/EFT/EFT/Content/Spritesheet/MainCharacter_Flipbook/downmove.uasset" 163
"E:/GAME 1306/EFT/EFT/Content/Spritesheet/MainCharacter_Flipbook/downmove_Sprite_0.uasset" 164
"E:/GAME 1306/EFT/EFT/Content/Spritesheet/MainCharacter_Flipbook/downmove_Sprite_1.uasset" 165
"E:/GAME 1306/EFT/EFT/Content/Spritesheet/MainCharacter_Flipbook/downmove_Sprite_2.uasset" 166
"E:/GAME 1306/EFT/EFT/Content/Spritesheet/MainCharacter_Flipbook/downmove_Sprite_3.uasset" 167
"E:/GAME 1306/EFT/EFT/Content/Spritesheet/MainCharacter_Flipbook/Down.uasset" 168
"E:/GAME 1306/EFT/EFT/Content/Spritesheet/MainCharacter_Flipbook/idledown.uasset" 169
"E:/GAME 1306/EFT/EFT/Content/Spritesheet/MainCharacter_Flipbook/leftmove.uasset" 170
"E:/GAME 1306/EFT/EFT/Content/Spritesheet/MainCharacter_Flipbook/leftmove_Sprite_0.uasset" 171
"E:/GAME 1306/EFT/EFT/Content/Spritesheet/MainCharacter_Flipbook/leftmove_Sprite_2.uasset" 172
"E:/GAME 1306/EFT/EFT/Content/Spritesheet/MainCharacter_Flipbook/idleleft.uasset" 173
"E:/GAME 1306/EFT/EFT/Content/Spritesheet/MainCharacter_Flipbook/rightmove.uasset" 174
"E:/GAME 1306/EFT/EFT/Content/Spritesheet/MainCharacter_Flipbook/rightmove_Sprite_0.uasset" 175
"E:/GAME 1306/EFT/EFT/Content/Spritesheet/MainCharacter_Flipbook/rightmove_Sprite_2.uasset" 176
"E:/GAME 1306/EFT/EFT/Content/Spritesheet/MainCharacter_Flipbook/idleright.uasset" 177
"E:/GAME 1306/EFT/EFT/Content/Spritesheet/MainCharacter_Flipbook/upmove.uasset" 178
"E:/GAME 1306/EFT/EFT/Content/Spritesheet/MainCharacter_Flipbook/upmove_Sprite_0.uasset" 179
"E:/GAME 1306/EFT/EFT/Content/Spritesheet/MainCharacter_Flipbook/upmove_Sprite_2.uasset" 180
"E:/GAME 1306/EFT/EFT/Content/Spritesheet/MainCharacter_Flipbook/idleup.uasset" 181
"E:/GAME 1306/EFT/EFT/Content/Spritesheet/MainCharacter_Flipbook/leftmove_Sprite_1.uasset" 182
"E:/GAME 1306/EFT/EFT/Content/Spritesheet/MainCharacter_Flipbook/leftmove_Sprite_3.uasset" 183
"E:/GAME 1306/EFT/EFT/Content/Spritesheet/MainCharacter_Flipbook/left.uasset" 184
"E:/GAME 1306/EFT/EFT/Content/Spritesheet/MainCharacter_Flipbook/rightmove_Sprite_1.uasset" 185
"E:/GAME 1306/EFT/EFT/Content/Spritesheet/MainCharacter_Flipbook/rightmove_Sprite_3.uasset" 186
"E:/GAME 1306/EFT/EFT/Content/Spritesheet/MainCharacter_Flipbook/right.uasset" 187
"E:/GAME 1306/EFT/EFT/Content/Spritesheet/MainCharacter_Flipbook/upmove_Sprite_1.uasset" 188
"E:/GAME 1306/EFT/EFT/Content/Spritesheet/MainCharacter_Flipbook/upmove_Sprite_3.uasset" 189
"E:/GAME 1306/EFT/EFT/Content/Spritesheet/MainCharacter_Flipbook/up.uasset" 190
"E:/GAME 1306/EFT/EFT/Content/Blueprint/MainCharacter/Joey.uasset" 191
"E:/GAME 1306/EFT/EFT/Content/Blueprint/MainCharacter/Spawn.uasset" 192
"E:/GAME 1306/EFT/EFT/Content/Texture/Pickup_Items/ItemsSpritesheet.uasset" 193
"E:/GAME 1306/EFT/EFT/Content/Texture/Pickup_Items/ItemsSpritesheet_Sprite_1.uasset" 194
"E:/GAME 1306/EFT/EFT/Content/Blueprint/PickupItem/HealthPotion.uasset" 195
"E:/GAME 1306/EFT/EFT/Content/Texture/Pickup_Items/ItemsSpritesheet_Sprite_0.uasset" 196
"E:/GAME 1306/EFT/EFT/Content/Blueprint/PickupItem/Jcoin.uasset" 197
"E:/GAME 1306/EFT/EFT/Content/Blueprint/TransferNxtLVL/OutsideDungeon.uasset" 198
"E:/GAME 1306/EFT/EFT/Content/Texture/MapTileset/spritesheet.uasset" 199
"E:/GAME 1306/EFT/EFT/Content/Texture/MapTileset/spritesheet_TileSet.uasset" 200
"E:/GAME 1306/EFT/EFT/Content/Texture/MapTileset/FinalLevel.uasset" 201
"E:/GAME 1306/EFT/EFT/Content/Maps/FinalLevel/FinalLevel.umap" 202
"E:/GAME 1306/EFT/EFT/Content/Texture/MapTileset/OutsideDungeon.uasset" 203
"E:/GAME 1306/EFT/EFT/Content/Texture/MapTileset/OutsideDungeon_TileSet.uasset" 204
"E:/GAME 1306/EFT/EFT/Content/Texture/MapTileset/OutsideDungeon_TileMap.uasset" 205
"E:/GAME 1306/EFT/EFT/Content/Maps/FinalLevel/OutsideDungeon.umap" 206
"E:/GAME 1306/EFT/EFT/Content/Blueprint/TransferNxtLVL/transported_ground.uasset" 207
"E:/GAME 1306/EFT/EFT/Content/Texture/MapTileset/ground.uasset" 208
"E:/GAME 1306/EFT/EFT/Content/Maps/GroundLevel/Ground.umap" 209
"E:/GAME 1306/EFT/EFT/Content/Blueprint/TransferNxtLVL/transportlevel1.uasset" 210
"E:/GAME 1306/EFT/EFT/Content/Texture/MapTileset/groundlevel.uasset" 211
"E:/GAME 1306/EFT/EFT/Content/Maps/GroundLevel/GroundLevel.umap" 212
"E:/GAME 1306/EFT/EFT/Content/Blueprint/TransferNxtLVL/Level1Hallway.uasset" 213
"E:/GAME 1306/EFT/EFT/Content/Texture/MapTileset/Level1.uasset" 214
"E:/GAME 1306/EFT/EFT/Content/Maps/Level1/level1.umap" 215
"E:/GAME 1306/EFT/EFT/Content/Blueprint/TransferNxtLVL/Level2.uasset" 216
"E:/GAME 1306/EFT/EFT/Content/Texture/MapTileset/Level1_Hallway.uasset" 217
"E:/GAME 1306/EFT/EFT/Content/Maps/Level1/Level1_Hallway.umap" 218
"E:/GAME 1306/EFT/EFT/Content/Blueprint/TransferNxtLVL/Level2_Hallway.uasset" 219
"E:/GAME 1306/EFT/EFT/Content/Texture/MapTileset/Level2.uasset" 220
"E:/GAME 1306/EFT/EFT/Content/Maps/Level2/Level2.umap" 221
"E:/GAME 1306/EFT/EFT/Content/Blueprint/TransferNxtLVL/Level3.uasset" 222
"E:/GAME 1306/EFT/EFT/Content/Texture/MapTileset/Level2_Hallway.uasset" 223
"E:/GAME 1306/EFT/EFT/Content/Maps/Level2/Level2_Hallway.umap" 224
"E:/GAME 1306/EFT/EFT/Content/Blueprint/TransferNxtLVL/Level3_Hallway.uasset" 225
"E:/GAME 1306/EFT/EFT/Content/Texture/MapTileset/Level3.uasset" 226
"E:/GAME 1306/EFT/EFT/Content/Maps/Level3/Level3.umap" 227
"E:/GAME 1306/EFT/EFT/Content/Blueprint/TransferNxtLVL/FinalLevel.uasset" 228
"E:/GAME 1306/EFT/EFT/Content/Texture/MapTileset/Level3_Hallway.uasset" 229
"E:/GAME 1306/EFT/EFT/Content/Maps/Level3/Level3_Hallway.umap" 230
"../../../Engine/Content/Maps/Entry_BuiltData.uasset" 231
"../../../Engine/Content/Maps/Entry.umap" 232
