"E:/Github/EFT-/EFT_Isabel/EscapeOfTartarus/EFT/EFT/Content/Blueprint/FinalLevel.uasset" 0
"../../../Engine/Content/EditorBlueprintResources/StandardMacros.uasset" 1
"E:/Github/EFT-/EFT_Isabel/EscapeOfTartarus/EFT/EFT/Content/Blueprint/MainCharacter/Movements.uasset" 2
"../../Plugins/2D/Paper2D/Content/PlaceholderTextures/DummySpriteTexture.uasset" 3
"../../Plugins/2D/Paper2D/Content/DummySpriteTexture.uasset" 4
"../../Plugins/2D/Paper2D/Content/DefaultSpriteMaterial.uasset" 5
"../../Plugins/2D/Paper2D/Content/TranslucentUnlitSpriteMaterial.uasset" 6
"E:/Github/EFT-/EFT_Isabel/EscapeOfTartarus/EFT/EFT/Content/Texture/AI/soldier_left.uasset" 7
"E:/Github/EFT-/EFT_Isabel/EscapeOfTartarus/EFT/EFT/Content/Spritesheet/AI_Flipbook/left/Left1.uasset" 8
"E:/Github/EFT-/EFT_Isabel/EscapeOfTartarus/EFT/EFT/Content/Spritesheet/AI_Flipbook/left/left2.uasset" 9
"E:/Github/EFT-/EFT_Isabel/EscapeOfTartarus/EFT/EFT/Content/Spritesheet/AI_Flipbook/left/left3.uasset" 10
"E:/Github/EFT-/EFT_Isabel/EscapeOfTartarus/EFT/EFT/Content/Spritesheet/AI_Flipbook/left/left4.uasset" 11
"E:/Github/EFT-/EFT_Isabel/EscapeOfTartarus/EFT/EFT/Content/Spritesheet/AI_Flipbook/left/soldierleft.uasset" 12
"E:/Github/EFT-/EFT_Isabel/EscapeOfTartarus/EFT/EFT/Content/Texture/AI/soldier_right.uasset" 13
"E:/Github/EFT-/EFT_Isabel/EscapeOfTartarus/EFT/EFT/Content/Spritesheet/AI_Flipbook/right/right1.uasset" 14
"E:/Github/EFT-/EFT_Isabel/EscapeOfTartarus/EFT/EFT/Content/Spritesheet/AI_Flipbook/right/right2.uasset" 15
"E:/Github/EFT-/EFT_Isabel/EscapeOfTartarus/EFT/EFT/Content/Spritesheet/AI_Flipbook/right/right3.uasset" 16
"E:/Github/EFT-/EFT_Isabel/EscapeOfTartarus/EFT/EFT/Content/Spritesheet/AI_Flipbook/right/right4.uasset" 17
"E:/Github/EFT-/EFT_Isabel/EscapeOfTartarus/EFT/EFT/Content/Spritesheet/AI_Flipbook/right/Soldierright.uasset" 18
"E:/Github/EFT-/EFT_Isabel/EscapeOfTartarus/EFT/EFT/Content/Texture/Joey_Main_Character/Movements/downmove.uasset" 19
"E:/Github/EFT-/EFT_Isabel/EscapeOfTartarus/EFT/EFT/Content/Spritesheet/MainCharacter_Flipbook/down/movedown1.uasset" 20
"E:/Github/EFT-/EFT_Isabel/EscapeOfTartarus/EFT/EFT/Content/Spritesheet/MainCharacter_Flipbook/down/movedown2.uasset" 21
"E:/Github/EFT-/EFT_Isabel/EscapeOfTartarus/EFT/EFT/Content/Spritesheet/MainCharacter_Flipbook/down/movedown3.uasset" 22
"E:/Github/EFT-/EFT_Isabel/EscapeOfTartarus/EFT/EFT/Content/Spritesheet/MainCharacter_Flipbook/down/movedown4.uasset" 23
"E:/Github/EFT-/EFT_Isabel/EscapeOfTartarus/EFT/EFT/Content/Spritesheet/MainCharacter_Flipbook/down/Down.uasset" 24
"E:/Github/EFT-/EFT_Isabel/EscapeOfTartarus/EFT/EFT/Content/Spritesheet/MainCharacter_Flipbook/down/idledown.uasset" 25
"E:/Github/EFT-/EFT_Isabel/EscapeOfTartarus/EFT/EFT/Content/Texture/Joey_Main_Character/Movements/leftmove.uasset" 26
"E:/Github/EFT-/EFT_Isabel/EscapeOfTartarus/EFT/EFT/Content/Spritesheet/MainCharacter_Flipbook/left/leftmove1.uasset" 27
"E:/Github/EFT-/EFT_Isabel/EscapeOfTartarus/EFT/EFT/Content/Spritesheet/MainCharacter_Flipbook/left/leftmove3.uasset" 28
"E:/Github/EFT-/EFT_Isabel/EscapeOfTartarus/EFT/EFT/Content/Spritesheet/MainCharacter_Flipbook/left/idleleft.uasset" 29
"E:/Github/EFT-/EFT_Isabel/EscapeOfTartarus/EFT/EFT/Content/Spritesheet/MainCharacter_Flipbook/left/leftmove2.uasset" 30
"E:/Github/EFT-/EFT_Isabel/EscapeOfTartarus/EFT/EFT/Content/Spritesheet/MainCharacter_Flipbook/left/leftmove4.uasset" 31
"E:/Github/EFT-/EFT_Isabel/EscapeOfTartarus/EFT/EFT/Content/Spritesheet/MainCharacter_Flipbook/left/left.uasset" 32
"E:/Github/EFT-/EFT_Isabel/EscapeOfTartarus/EFT/EFT/Content/Texture/Joey_Main_Character/Movements/rightmove.uasset" 33
"E:/Github/EFT-/EFT_Isabel/EscapeOfTartarus/EFT/EFT/Content/Spritesheet/MainCharacter_Flipbook/right/rightmove1.uasset" 34
"E:/Github/EFT-/EFT_Isabel/EscapeOfTartarus/EFT/EFT/Content/Spritesheet/MainCharacter_Flipbook/right/rightmove3.uasset" 35
"E:/Github/EFT-/EFT_Isabel/EscapeOfTartarus/EFT/EFT/Content/Spritesheet/MainCharacter_Flipbook/right/idleright.uasset" 36
"E:/Github/EFT-/EFT_Isabel/EscapeOfTartarus/EFT/EFT/Content/Spritesheet/MainCharacter_Flipbook/right/rightmove2.uasset" 37
"E:/Github/EFT-/EFT_Isabel/EscapeOfTartarus/EFT/EFT/Content/Spritesheet/MainCharacter_Flipbook/right/rightmove4.uasset" 38
"E:/Github/EFT-/EFT_Isabel/EscapeOfTartarus/EFT/EFT/Content/Spritesheet/MainCharacter_Flipbook/right/right.uasset" 39
"E:/Github/EFT-/EFT_Isabel/EscapeOfTartarus/EFT/EFT/Content/Texture/Joey_Main_Character/Movements/upmove.uasset" 40
"E:/Github/EFT-/EFT_Isabel/EscapeOfTartarus/EFT/EFT/Content/Spritesheet/MainCharacter_Flipbook/up/upmove1.uasset" 41
"E:/Github/EFT-/EFT_Isabel/EscapeOfTartarus/EFT/EFT/Content/Spritesheet/MainCharacter_Flipbook/up/upmove3.uasset" 42
"E:/Github/EFT-/EFT_Isabel/EscapeOfTartarus/EFT/EFT/Content/Spritesheet/MainCharacter_Flipbook/up/idleup.uasset" 43
"E:/Github/EFT-/EFT_Isabel/EscapeOfTartarus/EFT/EFT/Content/Spritesheet/MainCharacter_Flipbook/up/upmove2.uasset" 44
"E:/Github/EFT-/EFT_Isabel/EscapeOfTartarus/EFT/EFT/Content/Spritesheet/MainCharacter_Flipbook/up/upmove4.uasset" 45
"E:/Github/EFT-/EFT_Isabel/EscapeOfTartarus/EFT/EFT/Content/Spritesheet/MainCharacter_Flipbook/up/up.uasset" 46
"E:/Github/EFT-/EFT_Isabel/EscapeOfTartarus/EFT/EFT/Content/Texture/AI/soldieridle.uasset" 47
"E:/Github/EFT-/EFT_Isabel/EscapeOfTartarus/EFT/EFT/Content/Texture/AI/soldieridle_Sprite_0.uasset" 48
"E:/Github/EFT-/EFT_Isabel/EscapeOfTartarus/EFT/EFT/Content/Texture/AI/Soldier_idle.uasset" 49
"E:/Github/EFT-/EFT_Isabel/EscapeOfTartarus/EFT/EFT/Content/Blueprint/AI/Soldier.uasset" 50
"E:/Github/EFT-/EFT_Isabel/EscapeOfTartarus/EFT/EFT/Content/Blueprint/Interactive_Object/Chest/InteractInterface.uasset" 51
"E:/Github/EFT-/EFT_Isabel/EscapeOfTartarus/EFT/EFT/Content/Blueprint/Interactive_Object/Chest/ItemStructure.uasset" 52
"E:/Github/EFT-/EFT_Isabel/EscapeOfTartarus/EFT/EFT/Content/Blueprint/Interactive_Object/Chest/SlotStructure.uasset" 53
"E:/Github/EFT-/EFT_Isabel/EscapeOfTartarus/EFT/EFT/Content/Blueprint/Interactive_Object/Chest/Item/Item.uasset" 54
"E:/Github/EFT-/EFT_Isabel/EscapeOfTartarus/EFT/EFT/Content/Blueprint/Interactive_Object/Chest/InventoryUI/HUD.uasset" 55
"E:/Github/EFT-/EFT_Isabel/EscapeOfTartarus/EFT/EFT/Content/Blueprint/Interactive_Object/Chest/InventoryUI/Slot.uasset" 56
"E:/Github/EFT-/EFT_Isabel/EscapeOfTartarus/EFT/EFT/Content/Blueprint/Interactive_Object/Chest/InventoryUI/Inven.uasset" 57
"E:/Github/EFT-/EFT_Isabel/EscapeOfTartarus/EFT/EFT/Content/Blueprint/Interactive_Object/Chest/Inventory.uasset" 58
"E:/Github/EFT-/EFT_Isabel/EscapeOfTartarus/EFT/EFT/Content/Blueprint/Interactive_Object/Chest/Item/keys/Key_Types.uasset" 59
"../../../Engine/Content/VREditor/Sounds/UI/Click_on_Button.uasset" 60
"E:/Github/EFT-/EFT_Isabel/EscapeOfTartarus/EFT/EFT/Content/Texture/MainMenu/CONTROLS.uasset" 61
"E:/Github/EFT-/EFT_Isabel/EscapeOfTartarus/EFT/EFT/Content/Texture/MainMenu/Controls_settings.uasset" 62
"E:/Github/EFT-/EFT_Isabel/EscapeOfTartarus/EFT/EFT/Content/Texture/MainMenu/MAIN.uasset" 63
"E:/Github/EFT-/EFT_Isabel/EscapeOfTartarus/EFT/EFT/Content/Texture/MainMenu/Main_Menu.uasset" 64
"E:/Github/EFT-/EFT_Isabel/EscapeOfTartarus/EFT/EFT/Content/Texture/MainMenu/QUIT.uasset" 65
"E:/Github/EFT-/EFT_Isabel/EscapeOfTartarus/EFT/EFT/Content/Texture/MainMenu/start_game_menu.uasset" 66
"E:/Github/EFT-/EFT_Isabel/EscapeOfTartarus/EFT/EFT/Content/Blueprint/MainMenu/MainMenuWidget.uasset" 67
"E:/Github/EFT-/EFT_Isabel/EscapeOfTartarus/EFT/EFT/Content/Blueprint/MainCharacter/Joey.uasset" 68
"E:/Github/EFT-/EFT_Isabel/EscapeOfTartarus/EFT/EFT/Content/Blueprint/Joey.uasset" 69
"E:/Github/EFT-/EFT_Isabel/EscapeOfTartarus/EFT/EFT/Content/Blueprint/Level2.uasset" 70
"E:/Github/EFT-/EFT_Isabel/EscapeOfTartarus/EFT/EFT/Content/Blueprint/Level2_Hallway.uasset" 71
"E:/Github/EFT-/EFT_Isabel/EscapeOfTartarus/EFT/EFT/Content/Blueprint/Level3.uasset" 72
"E:/Github/EFT-/EFT_Isabel/EscapeOfTartarus/EFT/EFT/Content/Blueprint/Level3_Hallway.uasset" 73
"E:/Github/EFT-/EFT_Isabel/EscapeOfTartarus/EFT/EFT/Content/Blueprint/MainCharacter/Spawn.uasset" 74
"E:/Github/EFT-/EFT_Isabel/EscapeOfTartarus/EFT/EFT/Content/Blueprint/Spawn.uasset" 75
"E:/Github/EFT-/EFT_Isabel/EscapeOfTartarus/EFT/EFT/Content/Blueprint/transportlevel1.uasset" 76
"E:/Github/EFT-/EFT_Isabel/EscapeOfTartarus/EFT/EFT/Content/Blueprint/transported_ground.uasset" 77
"E:/Github/EFT-/EFT_Isabel/EscapeOfTartarus/EFT/EFT/Content/Blueprint/transport_ground1.uasset" 78
"E:/Github/EFT-/EFT_Isabel/EscapeOfTartarus/EFT/EFT/Content/Blueprint/AI/sample.uasset" 79
"E:/Github/EFT-/EFT_Isabel/EscapeOfTartarus/EFT/EFT/Content/Texture/Pickup_Items/Bronze.uasset" 80
"E:/Github/EFT-/EFT_Isabel/EscapeOfTartarus/EFT/EFT/Content/Texture/Pickup_Items/ItemsSpritesheet.uasset" 81
"E:/Github/EFT-/EFT_Isabel/EscapeOfTartarus/EFT/EFT/Content/Texture/Pickup_Items/bronzekey.uasset" 82
"E:/Github/EFT-/EFT_Isabel/EscapeOfTartarus/EFT/EFT/Content/Texture/Pickup_Items/goldkey.uasset" 83
"E:/Github/EFT-/EFT_Isabel/EscapeOfTartarus/EFT/EFT/Content/Texture/Pickup_Items/silverkey.uasset" 84
"E:/Github/EFT-/EFT_Isabel/EscapeOfTartarus/EFT/EFT/Content/Blueprint/Interactive_Object/Chest/Item/keys/Bronze.uasset" 85
"E:/Github/EFT-/EFT_Isabel/EscapeOfTartarus/EFT/EFT/Content/Blueprint/Interactive_Object/Chest/Item/Bronze.uasset" 86
"E:/Github/EFT-/EFT_Isabel/EscapeOfTartarus/EFT/EFT/Content/Texture/Pickup_Items/gold.uasset" 87
"E:/Github/EFT-/EFT_Isabel/EscapeOfTartarus/EFT/EFT/Content/Blueprint/Interactive_Object/Chest/Item/keys/Gold.uasset" 88
"E:/Github/EFT-/EFT_Isabel/EscapeOfTartarus/EFT/EFT/Content/Blueprint/Interactive_Object/Chest/Item/Gold.uasset" 89
"E:/Github/EFT-/EFT_Isabel/EscapeOfTartarus/EFT/EFT/Content/Blueprint/Interactive_Object/Chest/Item/Keys.uasset" 90
"E:/Github/EFT-/EFT_Isabel/EscapeOfTartarus/EFT/EFT/Content/Blueprint/Interactive_Object/Chest/Item/keys/Silver.uasset" 91
"E:/Github/EFT-/EFT_Isabel/EscapeOfTartarus/EFT/EFT/Content/Blueprint/TransferNxtLVL/Door.uasset" 92
"E:/Github/EFT-/EFT_Isabel/EscapeOfTartarus/EFT/EFT/Content/Blueprint/PickupItem/Door.uasset" 93
"E:/Github/EFT-/EFT_Isabel/EscapeOfTartarus/EFT/EFT/Content/Blueprint/PickupItem/grounddoor.uasset" 94
"E:/Github/EFT-/EFT_Isabel/EscapeOfTartarus/EFT/EFT/Content/Blueprint/TransferNxtLVL/NextLevel.uasset" 95
"E:/Github/EFT-/EFT_Isabel/EscapeOfTartarus/EFT/EFT/Content/Blueprint/PickupItem/NextLevel.uasset" 96
"E:/Github/EFT-/EFT_Isabel/EscapeOfTartarus/EFT/EFT/Content/Texture/Pickup_Items/potion.uasset" 97
"E:/Github/EFT-/EFT_Isabel/EscapeOfTartarus/EFT/EFT/Content/Blueprint/Interactive_Object/Chest/Item/otherItem/BP_Coin.uasset" 98
"E:/Github/EFT-/EFT_Isabel/EscapeOfTartarus/EFT/EFT/Content/Blueprint/PickupItem/BP_Coin.uasset" 99
"E:/Github/EFT-/EFT_Isabel/EscapeOfTartarus/EFT/EFT/Content/Blueprint/PickupItem/Potion.uasset" 100
"E:/Github/EFT-/EFT_Isabel/EscapeOfTartarus/EFT/EFT/Content/Texture/Interactive_object/prison1.uasset" 101
"E:/Github/EFT-/EFT_Isabel/EscapeOfTartarus/EFT/EFT/Content/Texture/Interactive_object/prison1_Sprite.uasset" 102
"E:/Github/EFT-/EFT_Isabel/EscapeOfTartarus/EFT/EFT/Content/Blueprint/Interactive_Object/prison.uasset" 103
"E:/Github/EFT-/EFT_Isabel/EscapeOfTartarus/EFT/EFT/Content/Blueprint/PickupItem/prison.uasset" 104
"E:/Github/EFT-/EFT_Isabel/EscapeOfTartarus/EFT/EFT/Content/Texture/Joey_Main_Character/Movements/downslash_png.uasset" 105
"E:/Github/EFT-/EFT_Isabel/EscapeOfTartarus/EFT/EFT/Content/Spritesheet/Joey_Attacks/slashdown/downslash1.uasset" 106
"E:/Github/EFT-/EFT_Isabel/EscapeOfTartarus/EFT/EFT/Content/Spritesheet/Joey_Attacks/slashdown/downslash2.uasset" 107
"E:/Github/EFT-/EFT_Isabel/EscapeOfTartarus/EFT/EFT/Content/Spritesheet/Joey_Attacks/slashdown/downslash3.uasset" 108
"E:/Github/EFT-/EFT_Isabel/EscapeOfTartarus/EFT/EFT/Content/Spritesheet/Joey_Attacks/slashdown/downslash4.uasset" 109
"E:/Github/EFT-/EFT_Isabel/EscapeOfTartarus/EFT/EFT/Content/Spritesheet/Joey_Attacks/slashdown/downslash.uasset" 110
"E:/Github/EFT-/EFT_Isabel/EscapeOfTartarus/EFT/EFT/Content/Texture/Joey_Main_Character/attack/leftslash.uasset" 111
"E:/Github/EFT-/EFT_Isabel/EscapeOfTartarus/EFT/EFT/Content/Spritesheet/Joey_Attacks/slashleft/leftslash1.uasset" 112
"E:/Github/EFT-/EFT_Isabel/EscapeOfTartarus/EFT/EFT/Content/Spritesheet/Joey_Attacks/slashleft/leftslash2.uasset" 113
"E:/Github/EFT-/EFT_Isabel/EscapeOfTartarus/EFT/EFT/Content/Spritesheet/Joey_Attacks/slashleft/leftslash3.uasset" 114
"E:/Github/EFT-/EFT_Isabel/EscapeOfTartarus/EFT/EFT/Content/Spritesheet/Joey_Attacks/slashleft/leftslash4.uasset" 115
"E:/Github/EFT-/EFT_Isabel/EscapeOfTartarus/EFT/EFT/Content/Spritesheet/Joey_Attacks/slashleft/slashleft.uasset" 116
"E:/Github/EFT-/EFT_Isabel/EscapeOfTartarus/EFT/EFT/Content/Texture/Joey_Main_Character/attack/rightslash.uasset" 117
"E:/Github/EFT-/EFT_Isabel/EscapeOfTartarus/EFT/EFT/Content/Spritesheet/Joey_Attacks/slashright/rightslash1.uasset" 118
"E:/Github/EFT-/EFT_Isabel/EscapeOfTartarus/EFT/EFT/Content/Spritesheet/Joey_Attacks/slashright/rightslash2.uasset" 119
"E:/Github/EFT-/EFT_Isabel/EscapeOfTartarus/EFT/EFT/Content/Spritesheet/Joey_Attacks/slashright/rightslash3.uasset" 120
"E:/Github/EFT-/EFT_Isabel/EscapeOfTartarus/EFT/EFT/Content/Spritesheet/Joey_Attacks/slashright/rightslash4.uasset" 121
"E:/Github/EFT-/EFT_Isabel/EscapeOfTartarus/EFT/EFT/Content/Spritesheet/Joey_Attacks/slashright/slashright.uasset" 122
"E:/Github/EFT-/EFT_Isabel/EscapeOfTartarus/EFT/EFT/Content/Texture/Joey_Main_Character/attack/upslash.uasset" 123
"E:/Github/EFT-/EFT_Isabel/EscapeOfTartarus/EFT/EFT/Content/Spritesheet/Joey_Attacks/slashup/upslash1.uasset" 124
"E:/Github/EFT-/EFT_Isabel/EscapeOfTartarus/EFT/EFT/Content/Spritesheet/Joey_Attacks/slashup/upslash2.uasset" 125
"E:/Github/EFT-/EFT_Isabel/EscapeOfTartarus/EFT/EFT/Content/Spritesheet/Joey_Attacks/slashup/upslash3.uasset" 126
"E:/Github/EFT-/EFT_Isabel/EscapeOfTartarus/EFT/EFT/Content/Spritesheet/Joey_Attacks/slashup/upslash4.uasset" 127
"E:/Github/EFT-/EFT_Isabel/EscapeOfTartarus/EFT/EFT/Content/Spritesheet/Joey_Attacks/slashup/slashup.uasset" 128
"E:/Github/EFT-/EFT_Isabel/EscapeOfTartarus/EFT/EFT/Content/Texture/MapTileset/spritesheet.uasset" 129
"E:/Github/EFT-/EFT_Isabel/EscapeOfTartarus/EFT/EFT/Content/Texture/MapTileset/spritesheet_TileSet.uasset" 130
"E:/Github/EFT-/EFT_Isabel/EscapeOfTartarus/EFT/EFT/Content/Texture/MapTileset/groundlevel.uasset" 131
"E:/Github/EFT-/EFT_Isabel/EscapeOfTartarus/EFT/EFT/Content/Texture/groundlevel.uasset" 132
"E:/Github/EFT-/EFT_Isabel/EscapeOfTartarus/EFT/EFT/Content/Texture/ground1.uasset" 133
"E:/Github/EFT-/EFT_Isabel/EscapeOfTartarus/EFT/EFT/Content/Texture/Ground_Level.uasset" 134
"E:/Github/EFT-/EFT_Isabel/EscapeOfTartarus/EFT/EFT/Content/Texture/MapTileset/Level1.uasset" 135
"E:/Github/EFT-/EFT_Isabel/EscapeOfTartarus/EFT/EFT/Content/Texture/Level1.uasset" 136
"E:/Github/EFT-/EFT_Isabel/EscapeOfTartarus/EFT/EFT/Content/Texture/MapTileset/FinalLevel.uasset" 137
"E:/Github/EFT-/EFT_Isabel/EscapeOfTartarus/EFT/EFT/Content/Texture/MapTileset/ground.uasset" 138
"E:/Github/EFT-/EFT_Isabel/EscapeOfTartarus/EFT/EFT/Content/Texture/MapTileset/Level1_Hallway.uasset" 139
"E:/Github/EFT-/EFT_Isabel/EscapeOfTartarus/EFT/EFT/Content/Texture/MapTileset/Level2.uasset" 140
"E:/Github/EFT-/EFT_Isabel/EscapeOfTartarus/EFT/EFT/Content/Texture/MapTileset/Level2_Hallway.uasset" 141
"E:/Github/EFT-/EFT_Isabel/EscapeOfTartarus/EFT/EFT/Content/Texture/MapTileset/Level3.uasset" 142
"E:/Github/EFT-/EFT_Isabel/EscapeOfTartarus/EFT/EFT/Content/Texture/MapTileset/Level3_Hallway.uasset" 143
"E:/Github/EFT-/EFT_Isabel/EscapeOfTartarus/EFT/EFT/Content/Texture/MapTileset/OutsideDungeon.uasset" 144
"E:/Github/EFT-/EFT_Isabel/EscapeOfTartarus/EFT/EFT/Content/Texture/MapTileset/OutsideDungeon_TileSet.uasset" 145
"E:/Github/EFT-/EFT_Isabel/EscapeOfTartarus/EFT/EFT/Content/Texture/MapTileset/OutsideDungeon_TileMap.uasset" 146
"E:/Github/EFT-/EFT_Isabel/EscapeOfTartarus/EFT/EFT/Content/Texture/Pickup_Items/bomb.uasset" 147
"E:/Github/EFT-/EFT_Isabel/EscapeOfTartarus/EFT/EFT/Content/Texture/Pickup_Items/Silver.uasset" 148
"../../../Engine/Content/Animation/DefaultAnimCurveCompressionSettings.uasset" 149
"../../../Engine/Content/Functions/Engine_MaterialFunctions01/Opacity/CameraDepthFade.uasset" 150
"../../../Engine/Content/EngineMaterials/T_Default_Material_Grid_M.uasset" 151
"../../../Engine/Content/EngineMaterials/T_Default_Material_Grid_N.uasset" 152
"../../../Engine/Content/EngineMaterials/WorldGridMaterial.uasset" 153
"../../../Engine/Content/ArtTools/RenderToTexture/Meshes/S_1_Unit_Plane.uasset" 154
"../../../Engine/Content/EngineMaterials/DefaultMaterial.uasset" 155
"../../../Engine/Content/BasicShapes/Cone.uasset" 156
"../../../Engine/Content/BasicShapes/Cube.uasset" 157
"../../../Engine/Content/BasicShapes/Cylinder.uasset" 158
"../../../Engine/Content/BasicShapes/Plane.uasset" 159
"../../../Engine/Content/BasicShapes/Sphere.uasset" 160
"../../../Engine/Content/EditorLandscapeResources/DataLayer.uasset" 161
"../../../Engine/Content/EditorMaterials/GizmoMaterial.uasset" 162
"../../../Engine/Content/EditorMaterials/MAT_Groups_Toggle.uasset" 163
"../../../Engine/Content/EditorMaterials/MAT_Groups_Visibility.uasset" 164
"../../../Engine/Content/EditorMaterials/PreviewShadowIndicator.uasset" 165
"../../../Engine/Content/EditorMaterials/PreviewShadowIndicatorMaterial.uasset" 166
"../../../Engine/Content/EditorMaterials/MatineeGroups/MAT_ColorTrack.uasset" 167
"../../../Engine/Content/EditorMaterials/MatineeGroups/MAT_Groups_Anim.uasset" 168
"../../../Engine/Content/EditorMaterials/MatineeGroups/MAT_Groups_AudioMaster.uasset" 169
"../../../Engine/Content/EditorMaterials/MatineeGroups/MAT_Groups_Director.uasset" 170
"../../../Engine/Content/EditorMaterials/MatineeGroups/MAT_Groups_Event.uasset" 171
"../../../Engine/Content/EditorMaterials/MatineeGroups/MAT_Groups_Fade.uasset" 172
"../../../Engine/Content/EditorMaterials/MatineeGroups/MAT_Groups_Float.uasset" 173
"../../../Engine/Content/EditorMaterials/MatineeGroups/MAT_Groups_Move.uasset" 174
"../../../Engine/Content/EditorMaterials/MatineeGroups/MAT_Groups_Slomo.uasset" 175
"../../../Engine/Content/EditorMaterials/MatineeGroups/MAT_Groups_Sound.uasset" 176
"../../../Engine/Content/EditorMaterials/MatineeGroups/MAT_Groups_Vector.uasset" 177
"../../../Engine/Content/EditorMaterials/ParticleSystems/PSysThumbnail_NoImage.uasset" 178
"../../../Engine/Content/EditorMaterials/ParticleSystems/PSysThumbnail_OOD.uasset" 179
"../../../Engine/Content/EditorMaterials/Camera/CineMat.uasset" 180
"../../../Engine/Content/EditorMaterials/Camera/MI_CineMat_Rig.uasset" 181
"../../../Engine/Content/EditorMeshes/Camera/SM_CraneRig_Arm.uasset" 182
"../../../Engine/Content/EditorMeshes/Camera/SM_CraneRig_Base.uasset" 183
"../../../Engine/Content/EditorMeshes/Camera/SM_CraneRig_Body.uasset" 184
"../../../Engine/Content/EditorMeshes/Camera/SM_CraneRig_Mount.uasset" 185
"../../../Engine/Content/EditorMeshes/Camera/SM_RailRig_Mount.uasset" 186
"../../../Engine/Content/EditorMeshes/Camera/SM_RailRig_Track.uasset" 187
"../../../Engine/Content/EditorResources/BSPVertex.uasset" 188
"../../../Engine/Content/EditorResources/EmptyActor.uasset" 189
"../../../Engine/Content/EditorResources/S_Actor.uasset" 190
"../../../Engine/Content/EditorResources/S_Note.uasset" 191
"../../../Engine/Content/EditorResources/S_Trigger.uasset" 192
"../../../Engine/Content/EditorResources/SequenceRecorder/Countdown.uasset" 193
"../../../Engine/Content/EditorResources/SequenceRecorder/RecordingIndicator.uasset" 194
"../../../Engine/Content/EditorSounds/Notifications/CompileFailed.uasset" 195
"../../../Engine/Content/EditorSounds/Notifications/CompileFailed_Cue.uasset" 196
"../../../Engine/Content/EditorSounds/Notifications/CompileSuccess.uasset" 197
"../../../Engine/Content/EditorSounds/Notifications/CompileStart_Cue.uasset" 198
"../../../Engine/Content/EditorSounds/Notifications/CompileSuccess_Cue.uasset" 199
"../../../Engine/Content/EngineDamageTypes/DmgTypeBP_Environmental.uasset" 200
"../../../Engine/Content/EngineDebugMaterials/HeatmapGradient.uasset" 201
"../../../Engine/Content/EngineDebugMaterials/BoneWeightMaterial.uasset" 202
"../../../Engine/Content/EngineDebugMaterials/ClothMaterial.uasset" 203
"../../../Engine/Content/EngineDebugMaterials/ClothMaterial_WF.uasset" 204
"../../../Engine/Content/EngineDebugMaterials/DebugEditorMaterial.uasset" 205
"../../../Engine/Content/EngineDebugMaterials/DebugMeshMaterial.uasset" 206
"../../../Engine/Content/EngineDebugMaterials/GeomMaterial.uasset" 207
"../../../Engine/Content/EngineDebugMaterials/M_SimpleTranslucent.uasset" 208
"../../../Engine/Content/EngineFonts/Faces/RobotoBold.uasset" 209
"../../../Engine/Content/EngineFonts/Faces/RobotoBoldItalic.uasset" 210
"../../../Engine/Content/EngineFonts/Faces/RobotoItalic.uasset" 211
"../../../Engine/Content/EngineFonts/Faces/RobotoLight.uasset" 212
"../../../Engine/Content/EngineFonts/Faces/RobotoRegular.uasset" 213
"../../../Engine/Content/EngineFonts/Roboto.uasset" 214
"../../../Engine/Content/EngineFonts/Faces/RobotoTiny.uasset" 215
"../../../Engine/Content/EngineFonts/RobotoTiny.uasset" 216
"../../../Engine/Content/EngineMaterials/BaseFlattenDiffuseMap.uasset" 217
"../../../Engine/Content/EngineMaterials/BaseFlattenEmissiveMap.uasset" 218
"../../../Engine/Content/EngineMaterials/BaseFlattenGrayscaleMap.uasset" 219
"../../../Engine/Content/EngineMaterials/BaseFlattenNormalMap.uasset" 220
"../../../Engine/Content/EngineMaterials/BaseFlattenMaterial.uasset" 221
"../../../Engine/Content/EngineMaterials/DefaultBloomKernel.uasset" 222
"../../../Engine/Content/EngineMaterials/DefaultBokeh.uasset" 223
"../../../Engine/Content/EngineMaterials/DefaultDiffuse.uasset" 224
"../../../Engine/Content/EngineMaterials/DefaultDeferredDecalMaterial.uasset" 225
"../../../Engine/Content/EngineMaterials/DefaultLightFunctionMaterial.uasset" 226
"../../../Engine/Content/EngineMaterials/DefaultPhysicalMaterial.uasset" 227
"../../../Engine/Content/Functions/Engine_MaterialFunctions02/Utility/BreakOutFloat2Components.uasset" 228
"../../../Engine/Content/EngineMaterials/DefaultPostProcessMaterial.uasset" 229
"../../../Engine/Content/EngineFonts/RobotoDistanceField.uasset" 230
"../../../Engine/Content/EngineMaterials/DefaultTextMaterialOpaque.uasset" 231
"../../../Engine/Content/EngineMaterials/DefaultWhiteGrid.uasset" 232
"../../../Engine/Content/EngineMaterials/EditorBrushMaterial.uasset" 233
"../../../Engine/Content/EngineMaterials/Good64x64TilingNoiseHighFreq.uasset" 234
"../../../Engine/Content/EngineMaterials/MiniFont.uasset" 235
"../../../Engine/Content/EngineMaterials/InvalidLightmapSettings.uasset" 236
"../../../Engine/Content/EngineMaterials/M_InvalidLightmapSettings.uasset" 237
"../../../Engine/Content/Functions/Engine_MaterialFunctions02/WorldPositionOffset/CameraOffset.uasset" 238
"../../../Engine/Content/EngineMaterials/PhAT_JointLimitMaterial.uasset" 239
"../../../Engine/Content/EngineMaterials/PreintegratedSkinBRDF.uasset" 240
"../../../Engine/Content/EngineMaterials/RemoveSurfaceMaterial.uasset" 241
"../../../Engine/Content/EngineMaterials/WeightMapPlaceholderTexture.uasset" 242
"../../../Engine/Content/EngineResources/WhiteSquareTexture.uasset" 243
"../../../Engine/Content/EngineMaterials/Widget3DPassThrough.uasset" 244
"../../../Engine/Content/EngineMaterials/Widget3DPassThrough_Masked.uasset" 245
"../../../Engine/Content/EngineMaterials/Widget3DPassThrough_Opaque.uasset" 246
"../../../Engine/Content/EngineMaterials/Widget3DPassThrough_Masked_OneSided.uasset" 247
"../../../Engine/Content/EngineMaterials/Widget3DPassThrough_Opaque_OneSided.uasset" 248
"../../../Engine/Content/EngineMaterials/Widget3DPassThrough_Translucent.uasset" 249
"../../../Engine/Content/EngineMaterials/Widget3DPassThrough_Translucent_OneSided.uasset" 250
"../../../Engine/Content/EngineMeshes/Cylinder.uasset" 251
"../../../Engine/Content/EngineMeshes/Sphere.uasset" 252
"../../../Engine/Content/EngineResources/Black.uasset" 253
"../../../Engine/Content/EngineResources/DefaultTexture.uasset" 254
"../../../Engine/Content/EngineResources/DefaultTextureCube.uasset" 255
"../../../Engine/Content/EngineResources/DefaultVolumeTexture2D.uasset" 256
"../../../Engine/Content/EngineResources/DefaultVolumeTexture.uasset" 257
"../../../Engine/Content/EngineResources/GradientTexture0.uasset" 258
"../../../Engine/Content/EngineSounds/Master.uasset" 259
"../../../Engine/Content/Functions/Engine_MaterialFunctions01/Shading/ConvertFromDiffSpec.uasset" 260
"../../../Engine/Content/Functions/Engine_MaterialFunctions01/Shading/PowerToRoughness.uasset" 261
"../../../Engine/Content/Maps/Templates/Thumbnails/Default.uasset" 262
"../../../Engine/Content/Maps/Templates/Thumbnails/VR-Basic.uasset" 263
"../../../Engine/Content/MobileResources/T_MobileControls_texture.uasset" 264
"../../../Engine/Content/MobileResources/T_MobileMenu2.uasset" 265
"../../../Engine/Content/MobileResources/HUD/AnalogHat.uasset" 266
"../../../Engine/Content/MobileResources/HUD/VirtualJoystick_Background.uasset" 267
"../../../Engine/Content/MobileResources/HUD/VirtualJoystick_Thumb.uasset" 268
"../../../Engine/Content/MobileResources/HUD/DefaultVirtualJoysticks.uasset" 269
"../../../Engine/Content/MobileResources/HUD/LeftVirtualJoystickOnly.uasset" 270
"../../../Engine/Content/MobileResources/HUD/MobileHUDButton1_off.uasset" 271
"../../../Engine/Content/MobileResources/HUD/MobileHUDButton1_on.uasset" 272
"../../../Engine/Content/MobileResources/HUD/MobileHUDButton2_off.uasset" 273
"../../../Engine/Content/MobileResources/HUD/MobileHUDButton2_on.uasset" 274
"../../../Engine/Content/MobileResources/HUD/MobileHUDButton3.uasset" 275
"../../../Engine/Content/MobileResources/HUD/MobileHUDButtonFire.uasset" 276
"../../../Engine/Content/MobileResources/HUD/MobileHUDDirectionPad.uasset" 277
"../../../Engine/Content/MobileResources/HUD/MobileHUDDirectionPad2.uasset" 278
"../../../Engine/Content/MobileResources/HUD/MobileHUDDirectionPad3.uasset" 279
"../../../Engine/Content/MobileResources/HUD/MobileHUDDirectionStick.uasset" 280
"../../../Engine/Content/MobileResources/HUD/T_Castle_ThumbstickInner.uasset" 281
"../../../Engine/Content/MobileResources/HUD/T_Castle_ThumbstickOutter.uasset" 282
"../../../Engine/Content/Tutorial/ContentIntroCurve.uasset" 283
"../../../Engine/Content/Tutorial/Basics/LevelEditorAttract.uasset" 284
"../../../Engine/Content/VREditor/LaserPointer/VR_LaserPower_01.uasset" 285
"../../../Engine/Content/VREditor/TransformGizmo/TransformGizmoMaterial.uasset" 286
"../../../Engine/Content/VREditor/TransformGizmo/TranslucentTransformGizmoMaterial.uasset" 287
"../../../Engine/Content/VREditor/TransformGizmo/BoundingBoxCorner.uasset" 288
"../../../Engine/Content/VREditor/TransformGizmo/BoundingBoxEdge.uasset" 289
"../../../Engine/Content/VREditor/TransformGizmo/PlaneTranslationHandle.uasset" 290
"../../../Engine/Content/VREditor/TransformGizmo/Main.uasset" 291
"../../../Engine/Content/VREditor/TransformGizmo/Xray.uasset" 292
"../../../Engine/Content/VREditor/TransformGizmo/SM_Sequencer_Key.uasset" 293
"../../../Engine/Content/VREditor/TransformGizmo/SM_Sequencer_Node.uasset" 294
"../../Plugins/2D/Paper2D/Content/DummySprite.uasset" 295
"../../Plugins/2D/Paper2D/Content/DefaultPaperTerrainMaterial.uasset" 296
"../../Plugins/2D/Paper2D/Content/MaskedUnlitSpriteMaterial.uasset" 297
"../../Plugins/2D/Paper2D/Content/OpaqueUnlitSpriteMaterial.uasset" 298
"../../Plugins/Runtime/Oculus/OculusVR/Content/OculusMR_RenderTarget.uasset" 299
"../../../Engine/Content/Functions/Engine_MaterialFunctions02/Utility/BreakOutFloat4Components.uasset" 300
"../../../Engine/Content/Functions/Engine_MaterialFunctions02/Utility/MakeFloat2.uasset" 301
"../../../Engine/Content/Functions/Engine_MaterialFunctions02/Utility/MakeFloat3.uasset" 302
"../../Plugins/Runtime/Oculus/OculusVR/Content/Materials/OculusMR_ChromaKey.uasset" 303
"../../Plugins/Runtime/Oculus/OculusVR/Content/Materials/OculusMR_ChromaKey_Lit.uasset" 304
"../../Plugins/Runtime/Oculus/OculusVR/Content/Materials/OculusMR_OpaqueColoredMaterial.uasset" 305
"../../Plugins/Runtime/Oculus/OculusVR/Content/Materials/OculusMR_WhiteMaterial.uasset" 306
"../../Plugins/Runtime/Oculus/OculusVR/Content/Materials/PokeAHoleMaterial.uasset" 307
"../../Plugins/Runtime/Oculus/OculusVR/Content/Textures/GearVRController_AO.uasset" 308
"../../Plugins/Runtime/Oculus/OculusVR/Content/Textures/GearVRController_Color.uasset" 309
"../../Plugins/Runtime/Oculus/OculusVR/Content/Textures/GearVRController_Normal.uasset" 310
"../../Plugins/Runtime/Oculus/OculusVR/Content/Materials/GearVRControllerMaterial.uasset" 311
"../../Plugins/Runtime/Oculus/OculusVR/Content/Meshes/GearVrController.uasset" 312
"../../Plugins/Runtime/Oculus/OculusVR/Content/Textures/touchController_albedo.uasset" 313
"../../Plugins/Runtime/Oculus/OculusVR/Content/Textures/touchController_controlmap.uasset" 314
"../../Plugins/Runtime/Oculus/OculusVR/Content/Materials/touchController_mat.uasset" 315
"../../Plugins/Runtime/Oculus/OculusVR/Content/Meshes/LeftTouchController.uasset" 316
"../../Plugins/Runtime/Oculus/OculusVR/Content/Meshes/RiftHMD.uasset" 317
"../../Plugins/Runtime/Oculus/OculusVR/Content/Meshes/RightTouchController.uasset" 318
"E:/Github/EFT-/EFT_Isabel/EscapeOfTartarus/EFT/EFT/Content/Texture/Pickup_Items/Jcoin.uasset" 319
"E:/Github/EFT-/EFT_Isabel/EscapeOfTartarus/EFT/EFT/Content/Texture/Pickup_Items/Jcoins.uasset" 320
"E:/Github/EFT-/EFT_Isabel/EscapeOfTartarus/EFT/EFT/Content/Blueprint/Interactive_Object/Chest/Item/otherItem/Jcoin.uasset" 321
"E:/Github/EFT-/EFT_Isabel/EscapeOfTartarus/EFT/EFT/Content/Maps/FinalLevel/FinalLevel.umap" 322
"E:/Github/EFT-/EFT_Isabel/EscapeOfTartarus/EFT/EFT/Content/Maps/FinalLevel/OutsideDungeon.umap" 323
"E:/Github/EFT-/EFT_Isabel/EscapeOfTartarus/EFT/EFT/Content/Maps/GroundLevel/Ground.umap" 324
"E:/Github/EFT-/EFT_Isabel/EscapeOfTartarus/EFT/EFT/Content/Blueprint/PickupItem/Jcoin.uasset" 325
"E:/Github/EFT-/EFT_Isabel/EscapeOfTartarus/EFT/EFT/Content/Maps/GroundLevel/GroundLevel.umap" 326
"E:/Github/EFT-/EFT_Isabel/EscapeOfTartarus/EFT/EFT/Content/Blueprint/MainMenu/MainMenu.uasset" 327
"../../../Engine/Content/ArtTools/RenderToTexture/Blueprints/RenderToTexture_Game.uasset" 328
"E:/Github/EFT-/EFT_Isabel/EscapeOfTartarus/EFT/EFT/Content/Maps/GroundLevel/MainMenu.umap" 329
"E:/Github/EFT-/EFT_Isabel/EscapeOfTartarus/EFT/EFT/Content/Maps/Level1/level1.umap" 330
"E:/Github/EFT-/EFT_Isabel/EscapeOfTartarus/EFT/EFT/Content/Maps/Level1/Level1_Hallway.umap" 331
"E:/Github/EFT-/EFT_Isabel/EscapeOfTartarus/EFT/EFT/Content/Maps/Level2/Level2.umap" 332
"E:/Github/EFT-/EFT_Isabel/EscapeOfTartarus/EFT/EFT/Content/Maps/Level2/Level2_Hallway.umap" 333
"E:/Github/EFT-/EFT_Isabel/EscapeOfTartarus/EFT/EFT/Content/Maps/Level3/Level3.umap" 334
"E:/Github/EFT-/EFT_Isabel/EscapeOfTartarus/EFT/EFT/Content/Maps/Level3/Level3_Hallway.umap" 335
"../../../Engine/Content/Maps/Entry_BuiltData.uasset" 336
"../../../Engine/Content/Maps/Entry.umap" 337
